[0.000000] (-) TimerEvent: {}
[0.001169] (-) JobUnselected: {'identifier': 'py_pubsub'}
[0.001379] (-) JobUnselected: {'identifier': 'ydlidar_sdk'}
[0.001425] (ydlidar_ros2_driver) JobQueued: {'identifier': 'ydlidar_ros2_driver', 'dependencies': OrderedDict()}
[0.001467] (ydlidar_ros2_driver) JobStarted: {'identifier': 'ydlidar_ros2_driver'}
[0.009938] (ydlidar_ros2_driver) JobProgress: {'identifier': 'ydlidar_ros2_driver', 'progress': 'cmake'}
[0.011004] (ydlidar_ros2_driver) Command: {'cmd': ['/usr/bin/cmake', '/home/baehh/ros2_ws/src/ydlidar_ros2_driver', '-DCMAKE_INSTALL_PREFIX=/home/baehh/ros2_ws/install/ydlidar_ros2_driver'], 'cwd': '/home/baehh/ros2_ws/build/ydlidar_ros2_driver', 'env': OrderedDict([('LESSOPEN', '| /usr/bin/lesspipe %s'), ('USER', 'baehh'), ('SHLVL', '1'), ('LD_LIBRARY_PATH', '/opt/ros/humble/opt/rviz_ogre_vendor/lib:/opt/ros/humble/lib/x86_64-linux-gnu:/opt/ros/humble/lib'), ('WT_PROFILE_ID', '{4ff56d04-d9cf-57ea-bae2-ad396374e7e3}'), ('HOME', '/home/baehh'), ('OLDPWD', '/home/baehh/ros2_ws/src/YDLidar-SDK'), ('ROS_PYTHON_VERSION', '3'), ('DBUS_SESSION_BUS_ADDRESS', 'unix:path=/run/user/1000/bus'), ('WSL_DISTRO_NAME', 'Ubuntu-22.04'), ('WAYLAND_DISPLAY', 'wayland-0'), ('COLCON_PREFIX_PATH', '/home/baehh/ros2_ws/install'), ('ROS_DISTRO', 'humble'), ('LOGNAME', 'baehh'), ('NAME', 'localhost'), ('WSL_INTEROP', '/run/WSL/4148_interop'), ('PULSE_SERVER', 'unix:/mnt/wslg/PulseServer'), ('_', '/usr/bin/colcon'), ('ROS_VERSION', '2'), ('TERM', 'xterm-256color'), ('ROS_LOCALHOST_ONLY', '0'), ('PATH', '/home/baehh/ros2_ws/install/ydlidar_sdk/bin:/opt/ros/humble/bin:/usr/local/sbin:/usr/local/bin:/usr/sbin:/usr/bin:/sbin:/bin:/usr/games:/usr/local/games:/usr/lib/wsl/lib:/mnt/c/WINDOWS/system32:/mnt/c/WINDOWS:/mnt/c/WINDOWS/System32/Wbem:/mnt/c/WINDOWS/System32/WindowsPowerShell/v1.0/:/mnt/c/WINDOWS/System32/OpenSSH/:/mnt/c/ProgramData/chocolatey/bin:/mnt/c/Program Files/CMake/bin:/mnt/c/Program Files/usbipd-win/:/mnt/c/WINDOWS/system32:/mnt/c/WINDOWS:/mnt/c/WINDOWS/System32/Wbem:/mnt/c/WINDOWS/System32/WindowsPowerShell/v1.0/:/mnt/c/WINDOWS/System32/OpenSSH/:/mnt/c/ProgramData/chocolatey/bin:/mnt/c/Program Files/CMake/bin:/mnt/c/Program Files/usbipd-win/:/mnt/c/Users/baehh/AppData/Local/Microsoft/WindowsApps:/mnt/c/Users/baehh/AppData/Local/Programs/Microsoft VS Code/bin:/mnt/c/Program Files/usbipd-win:/snap/bin'), ('WT_SESSION', '21709dc2-d04f-411d-8e6b-41e5c3b8e41a'), ('XDG_RUNTIME_DIR', '/run/user/1000/'), ('DISPLAY', ':0'), ('LANG', 'en_US.UTF-8'), ('LS_COLORS', 'rs=0:di=01;34:ln=01;36:mh=00:pi=40;33:so=01;35:do=01;35:bd=40;33;01:cd=40;33;01:or=40;31;01:mi=00:su=37;41:sg=30;43:ca=30;41:tw=30;42:ow=34;42:st=37;44:ex=01;32:*.tar=01;31:*.tgz=01;31:*.arc=01;31:*.arj=01;31:*.taz=01;31:*.lha=01;31:*.lz4=01;31:*.lzh=01;31:*.lzma=01;31:*.tlz=01;31:*.txz=01;31:*.tzo=01;31:*.t7z=01;31:*.zip=01;31:*.z=01;31:*.dz=01;31:*.gz=01;31:*.lrz=01;31:*.lz=01;31:*.lzo=01;31:*.xz=01;31:*.zst=01;31:*.tzst=01;31:*.bz2=01;31:*.bz=01;31:*.tbz=01;31:*.tbz2=01;31:*.tz=01;31:*.deb=01;31:*.rpm=01;31:*.jar=01;31:*.war=01;31:*.ear=01;31:*.sar=01;31:*.rar=01;31:*.alz=01;31:*.ace=01;31:*.zoo=01;31:*.cpio=01;31:*.7z=01;31:*.rz=01;31:*.cab=01;31:*.wim=01;31:*.swm=01;31:*.dwm=01;31:*.esd=01;31:*.jpg=01;35:*.jpeg=01;35:*.mjpg=01;35:*.mjpeg=01;35:*.gif=01;35:*.bmp=01;35:*.pbm=01;35:*.pgm=01;35:*.ppm=01;35:*.tga=01;35:*.xbm=01;35:*.xpm=01;35:*.tif=01;35:*.tiff=01;35:*.png=01;35:*.svg=01;35:*.svgz=01;35:*.mng=01;35:*.pcx=01;35:*.mov=01;35:*.mpg=01;35:*.mpeg=01;35:*.m2v=01;35:*.mkv=01;35:*.webm=01;35:*.webp=01;35:*.ogm=01;35:*.mp4=01;35:*.m4v=01;35:*.mp4v=01;35:*.vob=01;35:*.qt=01;35:*.nuv=01;35:*.wmv=01;35:*.asf=01;35:*.rm=01;35:*.rmvb=01;35:*.flc=01;35:*.avi=01;35:*.fli=01;35:*.flv=01;35:*.gl=01;35:*.dl=01;35:*.xcf=01;35:*.xwd=01;35:*.yuv=01;35:*.cgm=01;35:*.emf=01;35:*.ogv=01;35:*.ogx=01;35:*.aac=00;36:*.au=00;36:*.flac=00;36:*.m4a=00;36:*.mid=00;36:*.midi=00;36:*.mka=00;36:*.mp3=00;36:*.mpc=00;36:*.ogg=00;36:*.ra=00;36:*.wav=00;36:*.oga=00;36:*.opus=00;36:*.spx=00;36:*.xspf=00;36:'), ('AMENT_PREFIX_PATH', '/home/baehh/ros2_ws/install/ydlidar_ros2_driver:/home/baehh/ros2_ws/install/py_pubsub:/opt/ros/humble'), ('SHELL', '/bin/bash'), ('LESSCLOSE', '/usr/bin/lesspipe %s %s'), ('PWD', '/home/baehh/ros2_ws/build/ydlidar_ros2_driver'), ('XDG_DATA_DIRS', '/usr/local/share:/usr/share:/var/lib/snapd/desktop'), ('PYTHONPATH', '/home/baehh/ros2_ws/build/py_pubsub:/home/baehh/ros2_ws/install/py_pubsub/lib/python3.10/site-packages:/opt/ros/humble/lib/python3.10/site-packages:/opt/ros/humble/local/lib/python3.10/dist-packages'), ('COLCON', '1'), ('WSL2_GUI_APPS_ENABLED', '1'), ('HOSTTYPE', 'x86_64'), ('CMAKE_PREFIX_PATH', '/home/baehh/ros2_ws/install/ydlidar_sdk:/home/baehh/ros2_ws/install/ydlidar_ros2_driver:/home/baehh/ros2_ws/install/py_pubsub:/opt/ros/humble'), ('WSLENV', 'WT_SESSION:WT_PROFILE_ID:')]), 'shell': False}
[0.099769] (-) TimerEvent: {}
[0.125653] (ydlidar_ros2_driver) StdoutLine: {'line': b'-- The C compiler identification is GNU 11.4.0\n'}
[0.199975] (-) TimerEvent: {}
[0.300371] (-) TimerEvent: {}
[0.400856] (-) TimerEvent: {}
[0.433446] (ydlidar_ros2_driver) StdoutLine: {'line': b'-- The CXX compiler identification is GNU 11.4.0\n'}
[0.501100] (-) TimerEvent: {}
[0.601539] (-) TimerEvent: {}
[0.702082] (-) TimerEvent: {}
[0.748356] (ydlidar_ros2_driver) StdoutLine: {'line': b'-- Detecting C compiler ABI info\n'}
[0.802319] (-) TimerEvent: {}
[0.902826] (-) TimerEvent: {}
[0.922126] (ydlidar_ros2_driver) StdoutLine: {'line': b'-- Detecting C compiler ABI info - done\n'}
[0.928167] (ydlidar_ros2_driver) StdoutLine: {'line': b'-- Check for working C compiler: /usr/bin/cc - skipped\n'}
[0.928549] (ydlidar_ros2_driver) StdoutLine: {'line': b'-- Detecting C compile features\n'}
[0.928708] (ydlidar_ros2_driver) StdoutLine: {'line': b'-- Detecting C compile features - done\n'}
[0.930859] (ydlidar_ros2_driver) StdoutLine: {'line': b'-- Detecting CXX compiler ABI info\n'}
[1.002932] (-) TimerEvent: {}
[1.103384] (-) TimerEvent: {}
[1.116315] (ydlidar_ros2_driver) StdoutLine: {'line': b'-- Detecting CXX compiler ABI info - done\n'}
[1.121528] (ydlidar_ros2_driver) StdoutLine: {'line': b'-- Check for working CXX compiler: /usr/bin/c++ - skipped\n'}
[1.121911] (ydlidar_ros2_driver) StdoutLine: {'line': b'-- Detecting CXX compile features\n'}
[1.122154] (ydlidar_ros2_driver) StdoutLine: {'line': b'-- Detecting CXX compile features - done\n'}
[1.123900] (ydlidar_ros2_driver) StdoutLine: {'line': b'-- Found ament_cmake: 1.3.12 (/opt/ros/humble/share/ament_cmake/cmake)\n'}
[1.203600] (-) TimerEvent: {}
[1.239453] (ydlidar_ros2_driver) StdoutLine: {'line': b'-- Found Python3: /usr/bin/python3 (found version "3.10.12") found components: Interpreter \n'}
[1.303813] (-) TimerEvent: {}
[1.304792] (ydlidar_ros2_driver) StdoutLine: {'line': b'-- Found rclcpp: 16.0.15 (/opt/ros/humble/share/rclcpp/cmake)\n'}
[1.384271] (ydlidar_ros2_driver) StdoutLine: {'line': b'-- Found rosidl_generator_c: 3.1.7 (/opt/ros/humble/share/rosidl_generator_c/cmake)\n'}
[1.387541] (ydlidar_ros2_driver) StdoutLine: {'line': b'-- Found rosidl_adapter: 3.1.7 (/opt/ros/humble/share/rosidl_adapter/cmake)\n'}
[1.393534] (ydlidar_ros2_driver) StdoutLine: {'line': b'-- Found rosidl_generator_cpp: 3.1.7 (/opt/ros/humble/share/rosidl_generator_cpp/cmake)\n'}
[1.402176] (ydlidar_ros2_driver) StdoutLine: {'line': b'-- Using all available rosidl_typesupport_c: rosidl_typesupport_fastrtps_c;rosidl_typesupport_introspection_c\n'}
[1.403916] (-) TimerEvent: {}
[1.414192] (ydlidar_ros2_driver) StdoutLine: {'line': b'-- Using all available rosidl_typesupport_cpp: rosidl_typesupport_fastrtps_cpp;rosidl_typesupport_introspection_cpp\n'}
[1.456416] (ydlidar_ros2_driver) StdoutLine: {'line': b'-- Found rmw_implementation_cmake: 6.1.2 (/opt/ros/humble/share/rmw_implementation_cmake/cmake)\n'}
[1.456761] (ydlidar_ros2_driver) StdoutLine: {'line': b'-- Found rmw_fastrtps_cpp: 6.2.9 (/opt/ros/humble/share/rmw_fastrtps_cpp/cmake)\n'}
[1.504226] (-) TimerEvent: {}
[1.604741] (-) TimerEvent: {}
[1.705183] (-) TimerEvent: {}
[1.805757] (-) TimerEvent: {}
[1.906317] (-) TimerEvent: {}
[1.988609] (ydlidar_ros2_driver) StdoutLine: {'line': b'-- Found OpenSSL: /usr/lib/x86_64-linux-gnu/libcrypto.so (found version "3.0.2")  \n'}
[2.006470] (-) TimerEvent: {}
[2.106979] (-) TimerEvent: {}
[2.207555] (-) TimerEvent: {}
[2.307957] (-) TimerEvent: {}
[2.408399] (-) TimerEvent: {}
[2.508806] (-) TimerEvent: {}
[2.609324] (-) TimerEvent: {}
[2.662497] (ydlidar_ros2_driver) StdoutLine: {'line': b'-- Found FastRTPS: /opt/ros/humble/include  \n'}
[2.709593] (-) TimerEvent: {}
[2.810074] (-) TimerEvent: {}
[2.910514] (-) TimerEvent: {}
[3.010980] (-) TimerEvent: {}
[3.111439] (-) TimerEvent: {}
[3.211930] (-) TimerEvent: {}
[3.312408] (-) TimerEvent: {}
[3.412933] (-) TimerEvent: {}
[3.513366] (-) TimerEvent: {}
[3.613858] (-) TimerEvent: {}
[3.714304] (-) TimerEvent: {}
[3.814715] (-) TimerEvent: {}
[3.915125] (-) TimerEvent: {}
[4.015542] (-) TimerEvent: {}
[4.116049] (-) TimerEvent: {}
[4.157637] (ydlidar_ros2_driver) StdoutLine: {'line': b"-- Using RMW implementation 'rmw_fastrtps_cpp' as default\n"}
[4.163157] (ydlidar_ros2_driver) StdoutLine: {'line': b'-- Looking for pthread.h\n'}
[4.216325] (-) TimerEvent: {}
[4.260323] (ydlidar_ros2_driver) StdoutLine: {'line': b'-- Looking for pthread.h - found\n'}
[4.260796] (ydlidar_ros2_driver) StdoutLine: {'line': b'-- Performing Test CMAKE_HAVE_LIBC_PTHREAD\n'}
[4.316469] (-) TimerEvent: {}
[4.355442] (ydlidar_ros2_driver) StdoutLine: {'line': b'-- Performing Test CMAKE_HAVE_LIBC_PTHREAD - Success\n'}
[4.356556] (ydlidar_ros2_driver) StdoutLine: {'line': b'-- Found Threads: TRUE  \n'}
[4.398726] (ydlidar_ros2_driver) StdoutLine: {'line': b'-- Found sensor_msgs: 4.9.0 (/opt/ros/humble/share/sensor_msgs/cmake)\n'}
[4.416610] (-) TimerEvent: {}
[4.424880] (ydlidar_ros2_driver) StdoutLine: {'line': b'-- Found visualization_msgs: 4.9.0 (/opt/ros/humble/share/visualization_msgs/cmake)\n'}
[4.440248] (ydlidar_ros2_driver) StdoutLine: {'line': b'-- Found std_srvs: 4.9.0 (/opt/ros/humble/share/std_srvs/cmake)\n'}
[4.450051] (ydlidar_ros2_driver) StdoutLine: {'line': b'-- Found ament_lint_auto: 0.12.14 (/opt/ros/humble/share/ament_lint_auto/cmake)\n'}
[4.516912] (-) TimerEvent: {}
[4.520240] (ydlidar_ros2_driver) StdoutLine: {'line': b"-- Added test 'copyright' to check source files copyright and LICENSE\n"}
[4.522427] (ydlidar_ros2_driver) StdoutLine: {'line': b"-- Added test 'cppcheck' to perform static code analysis on C / C++ code\n"}
[4.522758] (ydlidar_ros2_driver) StdoutLine: {'line': b'-- Configured cppcheck include dirs: /home/baehh/ros2_ws/src/ydlidar_ros2_driver/src\n'}
[4.522834] (ydlidar_ros2_driver) StdoutLine: {'line': b'-- Configured cppcheck exclude dirs and/or files: \n'}
[4.524858] (ydlidar_ros2_driver) StdoutLine: {'line': b"-- Added test 'cpplint' to check C / C++ code against the Google style\n"}
[4.524967] (ydlidar_ros2_driver) StdoutLine: {'line': b'-- Configured cpplint exclude dirs and/or files: \n'}
[4.525554] (ydlidar_ros2_driver) StdoutLine: {'line': b"-- Added test 'flake8' to check Python code syntax and style conventions\n"}
[4.526425] (ydlidar_ros2_driver) StdoutLine: {'line': b"-- Added test 'lint_cmake' to check CMake code style\n"}
[4.526989] (ydlidar_ros2_driver) StdoutLine: {'line': b"-- Added test 'pep257' to check Python code against some of the docstring style conventions in PEP 257\n"}
[4.529655] (ydlidar_ros2_driver) StdoutLine: {'line': b"-- Added test 'uncrustify' to check C / C++ code style\n"}
[4.529778] (ydlidar_ros2_driver) StdoutLine: {'line': b'-- Configured uncrustify additional arguments: \n'}
[4.530272] (ydlidar_ros2_driver) StdoutLine: {'line': b"-- Added test 'xmllint' to check XML markup files\n"}
[4.531130] (ydlidar_ros2_driver) StdoutLine: {'line': b'-- Configuring done\n'}
[4.542059] (ydlidar_ros2_driver) StdoutLine: {'line': b'-- Generating done\n'}
[4.546848] (ydlidar_ros2_driver) StdoutLine: {'line': b'-- Build files have been written to: /home/baehh/ros2_ws/build/ydlidar_ros2_driver\n'}
[4.556226] (ydlidar_ros2_driver) CommandEnded: {'returncode': 0}
[4.557149] (ydlidar_ros2_driver) JobProgress: {'identifier': 'ydlidar_ros2_driver', 'progress': 'build'}
[4.557173] (ydlidar_ros2_driver) Command: {'cmd': ['/usr/bin/cmake', '--build', '/home/baehh/ros2_ws/build/ydlidar_ros2_driver', '--', '-j8', '-l8'], 'cwd': '/home/baehh/ros2_ws/build/ydlidar_ros2_driver', 'env': OrderedDict([('LESSOPEN', '| /usr/bin/lesspipe %s'), ('USER', 'baehh'), ('SHLVL', '1'), ('LD_LIBRARY_PATH', '/opt/ros/humble/opt/rviz_ogre_vendor/lib:/opt/ros/humble/lib/x86_64-linux-gnu:/opt/ros/humble/lib'), ('WT_PROFILE_ID', '{4ff56d04-d9cf-57ea-bae2-ad396374e7e3}'), ('HOME', '/home/baehh'), ('OLDPWD', '/home/baehh/ros2_ws/src/YDLidar-SDK'), ('ROS_PYTHON_VERSION', '3'), ('DBUS_SESSION_BUS_ADDRESS', 'unix:path=/run/user/1000/bus'), ('WSL_DISTRO_NAME', 'Ubuntu-22.04'), ('WAYLAND_DISPLAY', 'wayland-0'), ('COLCON_PREFIX_PATH', '/home/baehh/ros2_ws/install'), ('ROS_DISTRO', 'humble'), ('LOGNAME', 'baehh'), ('NAME', 'localhost'), ('WSL_INTEROP', '/run/WSL/4148_interop'), ('PULSE_SERVER', 'unix:/mnt/wslg/PulseServer'), ('_', '/usr/bin/colcon'), ('ROS_VERSION', '2'), ('TERM', 'xterm-256color'), ('ROS_LOCALHOST_ONLY', '0'), ('PATH', '/home/baehh/ros2_ws/install/ydlidar_sdk/bin:/opt/ros/humble/bin:/usr/local/sbin:/usr/local/bin:/usr/sbin:/usr/bin:/sbin:/bin:/usr/games:/usr/local/games:/usr/lib/wsl/lib:/mnt/c/WINDOWS/system32:/mnt/c/WINDOWS:/mnt/c/WINDOWS/System32/Wbem:/mnt/c/WINDOWS/System32/WindowsPowerShell/v1.0/:/mnt/c/WINDOWS/System32/OpenSSH/:/mnt/c/ProgramData/chocolatey/bin:/mnt/c/Program Files/CMake/bin:/mnt/c/Program Files/usbipd-win/:/mnt/c/WINDOWS/system32:/mnt/c/WINDOWS:/mnt/c/WINDOWS/System32/Wbem:/mnt/c/WINDOWS/System32/WindowsPowerShell/v1.0/:/mnt/c/WINDOWS/System32/OpenSSH/:/mnt/c/ProgramData/chocolatey/bin:/mnt/c/Program Files/CMake/bin:/mnt/c/Program Files/usbipd-win/:/mnt/c/Users/baehh/AppData/Local/Microsoft/WindowsApps:/mnt/c/Users/baehh/AppData/Local/Programs/Microsoft VS Code/bin:/mnt/c/Program Files/usbipd-win:/snap/bin'), ('WT_SESSION', '21709dc2-d04f-411d-8e6b-41e5c3b8e41a'), ('XDG_RUNTIME_DIR', '/run/user/1000/'), ('DISPLAY', ':0'), ('LANG', 'en_US.UTF-8'), ('LS_COLORS', 'rs=0:di=01;34:ln=01;36:mh=00:pi=40;33:so=01;35:do=01;35:bd=40;33;01:cd=40;33;01:or=40;31;01:mi=00:su=37;41:sg=30;43:ca=30;41:tw=30;42:ow=34;42:st=37;44:ex=01;32:*.tar=01;31:*.tgz=01;31:*.arc=01;31:*.arj=01;31:*.taz=01;31:*.lha=01;31:*.lz4=01;31:*.lzh=01;31:*.lzma=01;31:*.tlz=01;31:*.txz=01;31:*.tzo=01;31:*.t7z=01;31:*.zip=01;31:*.z=01;31:*.dz=01;31:*.gz=01;31:*.lrz=01;31:*.lz=01;31:*.lzo=01;31:*.xz=01;31:*.zst=01;31:*.tzst=01;31:*.bz2=01;31:*.bz=01;31:*.tbz=01;31:*.tbz2=01;31:*.tz=01;31:*.deb=01;31:*.rpm=01;31:*.jar=01;31:*.war=01;31:*.ear=01;31:*.sar=01;31:*.rar=01;31:*.alz=01;31:*.ace=01;31:*.zoo=01;31:*.cpio=01;31:*.7z=01;31:*.rz=01;31:*.cab=01;31:*.wim=01;31:*.swm=01;31:*.dwm=01;31:*.esd=01;31:*.jpg=01;35:*.jpeg=01;35:*.mjpg=01;35:*.mjpeg=01;35:*.gif=01;35:*.bmp=01;35:*.pbm=01;35:*.pgm=01;35:*.ppm=01;35:*.tga=01;35:*.xbm=01;35:*.xpm=01;35:*.tif=01;35:*.tiff=01;35:*.png=01;35:*.svg=01;35:*.svgz=01;35:*.mng=01;35:*.pcx=01;35:*.mov=01;35:*.mpg=01;35:*.mpeg=01;35:*.m2v=01;35:*.mkv=01;35:*.webm=01;35:*.webp=01;35:*.ogm=01;35:*.mp4=01;35:*.m4v=01;35:*.mp4v=01;35:*.vob=01;35:*.qt=01;35:*.nuv=01;35:*.wmv=01;35:*.asf=01;35:*.rm=01;35:*.rmvb=01;35:*.flc=01;35:*.avi=01;35:*.fli=01;35:*.flv=01;35:*.gl=01;35:*.dl=01;35:*.xcf=01;35:*.xwd=01;35:*.yuv=01;35:*.cgm=01;35:*.emf=01;35:*.ogv=01;35:*.ogx=01;35:*.aac=00;36:*.au=00;36:*.flac=00;36:*.m4a=00;36:*.mid=00;36:*.midi=00;36:*.mka=00;36:*.mp3=00;36:*.mpc=00;36:*.ogg=00;36:*.ra=00;36:*.wav=00;36:*.oga=00;36:*.opus=00;36:*.spx=00;36:*.xspf=00;36:'), ('AMENT_PREFIX_PATH', '/home/baehh/ros2_ws/install/ydlidar_ros2_driver:/home/baehh/ros2_ws/install/py_pubsub:/opt/ros/humble'), ('SHELL', '/bin/bash'), ('LESSCLOSE', '/usr/bin/lesspipe %s %s'), ('PWD', '/home/baehh/ros2_ws/build/ydlidar_ros2_driver'), ('XDG_DATA_DIRS', '/usr/local/share:/usr/share:/var/lib/snapd/desktop'), ('PYTHONPATH', '/home/baehh/ros2_ws/build/py_pubsub:/home/baehh/ros2_ws/install/py_pubsub/lib/python3.10/site-packages:/opt/ros/humble/lib/python3.10/site-packages:/opt/ros/humble/local/lib/python3.10/dist-packages'), ('COLCON', '1'), ('WSL2_GUI_APPS_ENABLED', '1'), ('HOSTTYPE', 'x86_64'), ('CMAKE_PREFIX_PATH', '/home/baehh/ros2_ws/install/ydlidar_sdk:/home/baehh/ros2_ws/install/ydlidar_ros2_driver:/home/baehh/ros2_ws/install/py_pubsub:/opt/ros/humble'), ('WSLENV', 'WT_SESSION:WT_PROFILE_ID:')]), 'shell': False}
[4.589877] (ydlidar_ros2_driver) StdoutLine: {'line': b'\x1b[35m\x1b[1mConsolidate compiler generated dependencies of target ydlidar_ros2_driver_client\x1b[0m\n'}
[4.590019] (ydlidar_ros2_driver) StdoutLine: {'line': b'\x1b[35m\x1b[1mConsolidate compiler generated dependencies of target ydlidar_ros2_driver_node\x1b[0m\n'}
[4.604945] (ydlidar_ros2_driver) StdoutLine: {'line': b'[ 25%] \x1b[32mBuilding CXX object CMakeFiles/ydlidar_ros2_driver_node.dir/src/ydlidar_ros2_driver_node.cpp.o\x1b[0m\n'}
[4.605258] (ydlidar_ros2_driver) StdoutLine: {'line': b'[ 75%] Built target ydlidar_ros2_driver_client\n'}
[4.617128] (-) TimerEvent: {}
[4.717551] (-) TimerEvent: {}
[4.818022] (-) TimerEvent: {}
[4.918580] (-) TimerEvent: {}
[4.939947] (ydlidar_ros2_driver) StderrLine: {'line': b'In file included from \x1b[01m\x1b[K/home/baehh/ros2_ws/install/ydlidar_sdk/include/core/base/v8stdint.h:142\x1b[m\x1b[K,\n'}
[4.940301] (ydlidar_ros2_driver) StderrLine: {'line': b'                 from \x1b[01m\x1b[K/home/baehh/ros2_ws/install/ydlidar_sdk/include/core/common/DriverInterface.h:4\x1b[m\x1b[K,\n'}
[4.940397] (ydlidar_ros2_driver) StderrLine: {'line': b'                 from \x1b[01m\x1b[K/home/baehh/ros2_ws/install/ydlidar_sdk/include/src/CYdLidar.h:48\x1b[m\x1b[K,\n'}
[4.940464] (ydlidar_ros2_driver) StderrLine: {'line': b'                 from \x1b[01m\x1b[K/home/baehh/ros2_ws/src/ydlidar_ros2_driver/src/ydlidar_ros2_driver_node.cpp:16\x1b[m\x1b[K:\n'}
[4.940526] (ydlidar_ros2_driver) StderrLine: {'line': b'\x1b[01m\x1b[K/home/baehh/ros2_ws/install/ydlidar_sdk/include/core/base/ydlidar.h:\x1b[m\x1b[K In function \xe2\x80\x98\x1b[01m\x1b[Kbool ydlidar::core::base::fileExists(const string&)\x1b[m\x1b[K\xe2\x80\x99:\n'}
[4.940642] (ydlidar_ros2_driver) StderrLine: {'line': b'\x1b[01m\x1b[K/home/baehh/ros2_ws/install/ydlidar_sdk/include/core/base/ydlidar.h:183:24:\x1b[m\x1b[K \x1b[01;35m\x1b[Kwarning: \x1b[m\x1b[Kmissing initializer for member \xe2\x80\x98\x1b[01m\x1b[Kstat::st_ino\x1b[m\x1b[K\xe2\x80\x99 [\x1b[01;35m\x1b[K\x1b]8;;https://gcc.gnu.org/onlinedocs/gcc/Warning-Options.html#index-Wmissing-field-initializers\x07-Wmissing-field-initializers\x1b]8;;\x07\x1b[m\x1b[K]\n'}
[4.940895] (ydlidar_ros2_driver) StderrLine: {'line': b'  183 |   struct stat info = {0\x1b[01;35m\x1b[K}\x1b[m\x1b[K;\n'}
[4.940977] (ydlidar_ros2_driver) StderrLine: {'line': b'      |                        \x1b[01;35m\x1b[K^\x1b[m\x1b[K\n'}
[4.941034] (ydlidar_ros2_driver) StderrLine: {'line': b'\x1b[01m\x1b[K/home/baehh/ros2_ws/install/ydlidar_sdk/include/core/base/ydlidar.h:183:24:\x1b[m\x1b[K \x1b[01;35m\x1b[Kwarning: \x1b[m\x1b[Kmissing initializer for member \xe2\x80\x98\x1b[01m\x1b[Kstat::st_nlink\x1b[m\x1b[K\xe2\x80\x99 [\x1b[01;35m\x1b[K\x1b]8;;https://gcc.gnu.org/onlinedocs/gcc/Warning-Options.html#index-Wmissing-field-initializers\x07-Wmissing-field-initializers\x1b]8;;\x07\x1b[m\x1b[K]\n'}
[4.941097] (ydlidar_ros2_driver) StderrLine: {'line': b'\x1b[01m\x1b[K/home/baehh/ros2_ws/install/ydlidar_sdk/include/core/base/ydlidar.h:183:24:\x1b[m\x1b[K \x1b[01;35m\x1b[Kwarning: \x1b[m\x1b[Kmissing initializer for member \xe2\x80\x98\x1b[01m\x1b[Kstat::st_mode\x1b[m\x1b[K\xe2\x80\x99 [\x1b[01;35m\x1b[K\x1b]8;;https://gcc.gnu.org/onlinedocs/gcc/Warning-Options.html#index-Wmissing-field-initializers\x07-Wmissing-field-initializers\x1b]8;;\x07\x1b[m\x1b[K]\n'}
[4.941183] (ydlidar_ros2_driver) StderrLine: {'line': b'\x1b[01m\x1b[K/home/baehh/ros2_ws/install/ydlidar_sdk/include/core/base/ydlidar.h:183:24:\x1b[m\x1b[K \x1b[01;35m\x1b[Kwarning: \x1b[m\x1b[Kmissing initializer for member \xe2\x80\x98\x1b[01m\x1b[Kstat::st_uid\x1b[m\x1b[K\xe2\x80\x99 [\x1b[01;35m\x1b[K\x1b]8;;https://gcc.gnu.org/onlinedocs/gcc/Warning-Options.html#index-Wmissing-field-initializers\x07-Wmissing-field-initializers\x1b]8;;\x07\x1b[m\x1b[K]\n'}
[4.941254] (ydlidar_ros2_driver) StderrLine: {'line': b'\x1b[01m\x1b[K/home/baehh/ros2_ws/install/ydlidar_sdk/include/core/base/ydlidar.h:183:24:\x1b[m\x1b[K \x1b[01;35m\x1b[Kwarning: \x1b[m\x1b[Kmissing initializer for member \xe2\x80\x98\x1b[01m\x1b[Kstat::st_gid\x1b[m\x1b[K\xe2\x80\x99 [\x1b[01;35m\x1b[K\x1b]8;;https://gcc.gnu.org/onlinedocs/gcc/Warning-Options.html#index-Wmissing-field-initializers\x07-Wmissing-field-initializers\x1b]8;;\x07\x1b[m\x1b[K]\n'}
[4.941310] (ydlidar_ros2_driver) StderrLine: {'line': b'\x1b[01m\x1b[K/home/baehh/ros2_ws/install/ydlidar_sdk/include/core/base/ydlidar.h:183:24:\x1b[m\x1b[K \x1b[01;35m\x1b[Kwarning: \x1b[m\x1b[Kmissing initializer for member \xe2\x80\x98\x1b[01m\x1b[Kstat::__pad0\x1b[m\x1b[K\xe2\x80\x99 [\x1b[01;35m\x1b[K\x1b]8;;https://gcc.gnu.org/onlinedocs/gcc/Warning-Options.html#index-Wmissing-field-initializers\x07-Wmissing-field-initializers\x1b]8;;\x07\x1b[m\x1b[K]\n'}
[4.941374] (ydlidar_ros2_driver) StderrLine: {'line': b'\x1b[01m\x1b[K/home/baehh/ros2_ws/install/ydlidar_sdk/include/core/base/ydlidar.h:183:24:\x1b[m\x1b[K \x1b[01;35m\x1b[Kwarning: \x1b[m\x1b[Kmissing initializer for member \xe2\x80\x98\x1b[01m\x1b[Kstat::st_rdev\x1b[m\x1b[K\xe2\x80\x99 [\x1b[01;35m\x1b[K\x1b]8;;https://gcc.gnu.org/onlinedocs/gcc/Warning-Options.html#index-Wmissing-field-initializers\x07-Wmissing-field-initializers\x1b]8;;\x07\x1b[m\x1b[K]\n'}
[4.941438] (ydlidar_ros2_driver) StderrLine: {'line': b'\x1b[01m\x1b[K/home/baehh/ros2_ws/install/ydlidar_sdk/include/core/base/ydlidar.h:183:24:\x1b[m\x1b[K \x1b[01;35m\x1b[Kwarning: \x1b[m\x1b[Kmissing initializer for member \xe2\x80\x98\x1b[01m\x1b[Kstat::st_size\x1b[m\x1b[K\xe2\x80\x99 [\x1b[01;35m\x1b[K\x1b]8;;https://gcc.gnu.org/onlinedocs/gcc/Warning-Options.html#index-Wmissing-field-initializers\x07-Wmissing-field-initializers\x1b]8;;\x07\x1b[m\x1b[K]\n'}
[4.941503] (ydlidar_ros2_driver) StderrLine: {'line': b'\x1b[01m\x1b[K/home/baehh/ros2_ws/install/ydlidar_sdk/include/core/base/ydlidar.h:183:24:\x1b[m\x1b[K \x1b[01;35m\x1b[Kwarning: \x1b[m\x1b[Kmissing initializer for member \xe2\x80\x98\x1b[01m\x1b[Kstat::st_blksize\x1b[m\x1b[K\xe2\x80\x99 [\x1b[01;35m\x1b[K\x1b]8;;https://gcc.gnu.org/onlinedocs/gcc/Warning-Options.html#index-Wmissing-field-initializers\x07-Wmissing-field-initializers\x1b]8;;\x07\x1b[m\x1b[K]\n'}
[4.941569] (ydlidar_ros2_driver) StderrLine: {'line': b'\x1b[01m\x1b[K/home/baehh/ros2_ws/install/ydlidar_sdk/include/core/base/ydlidar.h:183:24:\x1b[m\x1b[K \x1b[01;35m\x1b[Kwarning: \x1b[m\x1b[Kmissing initializer for member \xe2\x80\x98\x1b[01m\x1b[Kstat::st_blocks\x1b[m\x1b[K\xe2\x80\x99 [\x1b[01;35m\x1b[K\x1b]8;;https://gcc.gnu.org/onlinedocs/gcc/Warning-Options.html#index-Wmissing-field-initializers\x07-Wmissing-field-initializers\x1b]8;;\x07\x1b[m\x1b[K]\n'}
[4.941633] (ydlidar_ros2_driver) StderrLine: {'line': b'\x1b[01m\x1b[K/home/baehh/ros2_ws/install/ydlidar_sdk/include/core/base/ydlidar.h:183:24:\x1b[m\x1b[K \x1b[01;35m\x1b[Kwarning: \x1b[m\x1b[Kmissing initializer for member \xe2\x80\x98\x1b[01m\x1b[Kstat::st_atim\x1b[m\x1b[K\xe2\x80\x99 [\x1b[01;35m\x1b[K\x1b]8;;https://gcc.gnu.org/onlinedocs/gcc/Warning-Options.html#index-Wmissing-field-initializers\x07-Wmissing-field-initializers\x1b]8;;\x07\x1b[m\x1b[K]\n'}
[4.941692] (ydlidar_ros2_driver) StderrLine: {'line': b'\x1b[01m\x1b[K/home/baehh/ros2_ws/install/ydlidar_sdk/include/core/base/ydlidar.h:183:24:\x1b[m\x1b[K \x1b[01;35m\x1b[Kwarning: \x1b[m\x1b[Kmissing initializer for member \xe2\x80\x98\x1b[01m\x1b[Kstat::st_mtim\x1b[m\x1b[K\xe2\x80\x99 [\x1b[01;35m\x1b[K\x1b]8;;https://gcc.gnu.org/onlinedocs/gcc/Warning-Options.html#index-Wmissing-field-initializers\x07-Wmissing-field-initializers\x1b]8;;\x07\x1b[m\x1b[K]\n'}
[4.941802] (ydlidar_ros2_driver) StderrLine: {'line': b'\x1b[01m\x1b[K/home/baehh/ros2_ws/install/ydlidar_sdk/include/core/base/ydlidar.h:183:24:\x1b[m\x1b[K \x1b[01;35m\x1b[Kwarning: \x1b[m\x1b[Kmissing initializer for member \xe2\x80\x98\x1b[01m\x1b[Kstat::st_ctim\x1b[m\x1b[K\xe2\x80\x99 [\x1b[01;35m\x1b[K\x1b]8;;https://gcc.gnu.org/onlinedocs/gcc/Warning-Options.html#index-Wmissing-field-initializers\x07-Wmissing-field-initializers\x1b]8;;\x07\x1b[m\x1b[K]\n'}
[4.941876] (ydlidar_ros2_driver) StderrLine: {'line': b'\x1b[01m\x1b[K/home/baehh/ros2_ws/install/ydlidar_sdk/include/core/base/ydlidar.h:183:24:\x1b[m\x1b[K \x1b[01;35m\x1b[Kwarning: \x1b[m\x1b[Kmissing initializer for member \xe2\x80\x98\x1b[01m\x1b[Kstat::__glibc_reserved\x1b[m\x1b[K\xe2\x80\x99 [\x1b[01;35m\x1b[K\x1b]8;;https://gcc.gnu.org/onlinedocs/gcc/Warning-Options.html#index-Wmissing-field-initializers\x07-Wmissing-field-initializers\x1b]8;;\x07\x1b[m\x1b[K]\n'}
[4.942087] (ydlidar_ros2_driver) StderrLine: {'line': b'In file included from \x1b[01m\x1b[K/home/baehh/ros2_ws/install/ydlidar_sdk/include/core/common/DriverInterface.h:5\x1b[m\x1b[K,\n'}
[4.942175] (ydlidar_ros2_driver) StderrLine: {'line': b'                 from \x1b[01m\x1b[K/home/baehh/ros2_ws/install/ydlidar_sdk/include/src/CYdLidar.h:48\x1b[m\x1b[K,\n'}
[4.942233] (ydlidar_ros2_driver) StderrLine: {'line': b'                 from \x1b[01m\x1b[K/home/baehh/ros2_ws/src/ydlidar_ros2_driver/src/ydlidar_ros2_driver_node.cpp:16\x1b[m\x1b[K:\n'}
[4.942289] (ydlidar_ros2_driver) StderrLine: {'line': b'\x1b[01m\x1b[K/home/baehh/ros2_ws/install/ydlidar_sdk/include/core/base/thread.h:\x1b[m\x1b[K In static member function \xe2\x80\x98\x1b[01m\x1b[Kstatic ydlidar::core::base::Thread ydlidar::core::base::Thread::createThread(thread_proc_t, void*)\x1b[m\x1b[K\xe2\x80\x99:\n'}
[4.942347] (ydlidar_ros2_driver) StderrLine: {'line': b'\x1b[01m\x1b[K/home/baehh/ros2_ws/install/ydlidar_sdk/include/core/base/thread.h:54:42:\x1b[m\x1b[K \x1b[01;35m\x1b[Kwarning: \x1b[m\x1b[Kcast between incompatible function types from \xe2\x80\x98\x1b[01m\x1b[Kthread_proc_t\x1b[m\x1b[K\xe2\x80\x99 {aka \xe2\x80\x98\x1b[01m\x1b[Klong unsigned int (*)(void*)\x1b[m\x1b[K\xe2\x80\x99} to \xe2\x80\x98\x1b[01m\x1b[Kvoid* (*)(void*)\x1b[m\x1b[K\xe2\x80\x99 [\x1b[01;35m\x1b[K\x1b]8;;https://gcc.gnu.org/onlinedocs/gcc/Warning-Options.html#index-Wcast-function-type\x07-Wcast-function-type\x1b]8;;\x07\x1b[m\x1b[K]\n'}
[4.942431] (ydlidar_ros2_driver) StderrLine: {'line': b'   54 |                                    NULL, \x1b[01;35m\x1b[K(void *(*)(void *))proc\x1b[m\x1b[K,\n'}
[4.942490] (ydlidar_ros2_driver) StderrLine: {'line': b'      |                                          \x1b[01;35m\x1b[K^~~~~~~~~~~~~~~~~~~~~~~\x1b[m\x1b[K\n'}
[4.942847] (ydlidar_ros2_driver) StderrLine: {'line': b'\x1b[01m\x1b[K/home/baehh/ros2_ws/install/ydlidar_sdk/include/core/base/thread.h:\x1b[m\x1b[K In member function \xe2\x80\x98\x1b[01m\x1b[Kint ydlidar::core::base::Thread::join(long unsigned int)\x1b[m\x1b[K\xe2\x80\x99:\n'}
[4.942992] (ydlidar_ros2_driver) StderrLine: {'line': b'\x1b[01m\x1b[K/home/baehh/ros2_ws/install/ydlidar_sdk/include/core/base/thread.h:135:46:\x1b[m\x1b[K \x1b[01;35m\x1b[Kwarning: \x1b[m\x1b[Kformat \xe2\x80\x98\x1b[01m\x1b[K%X\x1b[m\x1b[K\xe2\x80\x99 expects argument of type \xe2\x80\x98\x1b[01m\x1b[Kunsigned int\x1b[m\x1b[K\xe2\x80\x99, but argument 2 has type \xe2\x80\x98\x1b[01m\x1b[K_size_t\x1b[m\x1b[K\xe2\x80\x99 {aka \xe2\x80\x98\x1b[01m\x1b[Klong unsigned int\x1b[m\x1b[K\xe2\x80\x99} [\x1b[01;35m\x1b[K\x1b]8;;https://gcc.gnu.org/onlinedocs/gcc/Warning-Options.html#index-Wformat=\x07-Wformat=\x1b]8;;\x07\x1b[m\x1b[K]\n'}
[4.943078] (ydlidar_ros2_driver) StderrLine: {'line': b'  135 |           printf("[YDLIDAR DEBUG] Thread [0x\x1b[01;35m\x1b[K%X\x1b[m\x1b[K] ready to cancel[%d]\\n", \x1b[32m\x1b[K_handle\x1b[m\x1b[K, s);\n'}
[4.943142] (ydlidar_ros2_driver) StderrLine: {'line': b'      |                                             \x1b[01;35m\x1b[K~^\x1b[m\x1b[K                          \x1b[32m\x1b[K~~~~~~~\x1b[m\x1b[K\n'}
[4.943226] (ydlidar_ros2_driver) StderrLine: {'line': b'      |                                              \x1b[01;35m\x1b[K|\x1b[m\x1b[K                          \x1b[32m\x1b[K|\x1b[m\x1b[K\n'}
[4.943294] (ydlidar_ros2_driver) StderrLine: {'line': b'      |                                              \x1b[01;35m\x1b[Kunsigned int\x1b[m\x1b[K               \x1b[32m\x1b[K_size_t {aka long unsigned int}\x1b[m\x1b[K\n'}
[4.943427] (ydlidar_ros2_driver) StderrLine: {'line': b'      |                                             \x1b[32m\x1b[K%lX\x1b[m\x1b[K\n'}
[4.943559] (ydlidar_ros2_driver) StderrLine: {'line': b'\x1b[01m\x1b[K/home/baehh/ros2_ws/install/ydlidar_sdk/include/core/base/thread.h:137:46:\x1b[m\x1b[K \x1b[01;35m\x1b[Kwarning: \x1b[m\x1b[Kformat \xe2\x80\x98\x1b[01m\x1b[K%X\x1b[m\x1b[K\xe2\x80\x99 expects argument of type \xe2\x80\x98\x1b[01m\x1b[Kunsigned int\x1b[m\x1b[K\xe2\x80\x99, but argument 2 has type \xe2\x80\x98\x1b[01m\x1b[K_size_t\x1b[m\x1b[K\xe2\x80\x99 {aka \xe2\x80\x98\x1b[01m\x1b[Klong unsigned int\x1b[m\x1b[K\xe2\x80\x99} [\x1b[01;35m\x1b[K\x1b]8;;https://gcc.gnu.org/onlinedocs/gcc/Warning-Options.html#index-Wformat=\x07-Wformat=\x1b]8;;\x07\x1b[m\x1b[K]\n'}
[4.943700] (ydlidar_ros2_driver) StderrLine: {'line': b'  137 |           printf("[YDLIDAR DEBUG] Thread [0x\x1b[01;35m\x1b[K%X\x1b[m\x1b[K] ready to cancel[%d] time[%u]\\n",\n'}
[4.943800] (ydlidar_ros2_driver) StderrLine: {'line': b'      |                                             \x1b[01;35m\x1b[K~^\x1b[m\x1b[K\n'}
[4.943921] (ydlidar_ros2_driver) StderrLine: {'line': b'      |                                              \x1b[01;35m\x1b[K|\x1b[m\x1b[K\n'}
[4.944057] (ydlidar_ros2_driver) StderrLine: {'line': b'      |                                              \x1b[01;35m\x1b[Kunsigned int\x1b[m\x1b[K\n'}
[4.944271] (ydlidar_ros2_driver) StderrLine: {'line': b'      |                                             \x1b[32m\x1b[K%lX\x1b[m\x1b[K\n'}
[4.944335] (ydlidar_ros2_driver) StderrLine: {'line': b'  138 |             \x1b[32m\x1b[K_handle\x1b[m\x1b[K, s, getms() - t);\n'}
[4.944395] (ydlidar_ros2_driver) StderrLine: {'line': b'      |             \x1b[32m\x1b[K~~~~~~~\x1b[m\x1b[K                           \n'}
[4.944451] (ydlidar_ros2_driver) StderrLine: {'line': b'      |             \x1b[32m\x1b[K|\x1b[m\x1b[K\n'}
[4.944510] (ydlidar_ros2_driver) StderrLine: {'line': b'      |             \x1b[32m\x1b[K_size_t {aka long unsigned int}\x1b[m\x1b[K\n'}
[4.944565] (ydlidar_ros2_driver) StderrLine: {'line': b'\x1b[01m\x1b[K/home/baehh/ros2_ws/install/ydlidar_sdk/include/core/base/thread.h:141:42:\x1b[m\x1b[K \x1b[01;35m\x1b[Kwarning: \x1b[m\x1b[Kformat \xe2\x80\x98\x1b[01m\x1b[K%X\x1b[m\x1b[K\xe2\x80\x99 expects argument of type \xe2\x80\x98\x1b[01m\x1b[Kunsigned int\x1b[m\x1b[K\xe2\x80\x99, but argument 2 has type \xe2\x80\x98\x1b[01m\x1b[K_size_t\x1b[m\x1b[K\xe2\x80\x99 {aka \xe2\x80\x98\x1b[01m\x1b[Klong unsigned int\x1b[m\x1b[K\xe2\x80\x99} [\x1b[01;35m\x1b[K\x1b]8;;https://gcc.gnu.org/onlinedocs/gcc/Warning-Options.html#index-Wformat=\x07-Wformat=\x1b]8;;\x07\x1b[m\x1b[K]\n'}
[4.944644] (ydlidar_ros2_driver) StderrLine: {'line': b'  141 |             printf("[YDLIDAR] Thread [0x\x1b[01;35m\x1b[K%X\x1b[m\x1b[K] has been canceled in other thread\\n", \x1b[32m\x1b[K_handle\x1b[m\x1b[K);\n'}
[4.944701] (ydlidar_ros2_driver) StderrLine: {'line': b'      |                                         \x1b[01;35m\x1b[K~^\x1b[m\x1b[K                                        \x1b[32m\x1b[K~~~~~~~\x1b[m\x1b[K\n'}
[4.944755] (ydlidar_ros2_driver) StderrLine: {'line': b'      |                                          \x1b[01;35m\x1b[K|\x1b[m\x1b[K                                        \x1b[32m\x1b[K|\x1b[m\x1b[K\n'}
[4.944814] (ydlidar_ros2_driver) StderrLine: {'line': b'      |                                          \x1b[01;35m\x1b[Kunsigned int\x1b[m\x1b[K                             \x1b[32m\x1b[K_size_t {aka long unsigned int}\x1b[m\x1b[K\n'}
[4.944870] (ydlidar_ros2_driver) StderrLine: {'line': b'      |                                         \x1b[32m\x1b[K%lX\x1b[m\x1b[K\n'}
[4.944928] (ydlidar_ros2_driver) StderrLine: {'line': b'\x1b[01m\x1b[K/home/baehh/ros2_ws/install/ydlidar_sdk/include/core/base/thread.h:146:74:\x1b[m\x1b[K \x1b[01;35m\x1b[Kwarning: \x1b[m\x1b[Kformat \xe2\x80\x98\x1b[01m\x1b[K%X\x1b[m\x1b[K\xe2\x80\x99 expects argument of type \xe2\x80\x98\x1b[01m\x1b[Kunsigned int\x1b[m\x1b[K\xe2\x80\x99, but argument 3 has type \xe2\x80\x98\x1b[01m\x1b[K_size_t\x1b[m\x1b[K\xe2\x80\x99 {aka \xe2\x80\x98\x1b[01m\x1b[Klong unsigned int\x1b[m\x1b[K\xe2\x80\x99} [\x1b[01;35m\x1b[K\x1b]8;;https://gcc.gnu.org/onlinedocs/gcc/Warning-Options.html#index-Wformat=\x07-Wformat=\x1b]8;;\x07\x1b[m\x1b[K]\n'}
[4.945001] (ydlidar_ros2_driver) StderrLine: {'line': b'  146 |             fprintf(stderr, "[YDLIDAR] An error occurred while thread[0x\x1b[01;35m\x1b[K%X\x1b[m\x1b[K] cancelled!\\n", \x1b[32m\x1b[K_handle\x1b[m\x1b[K);\n'}
[4.945059] (ydlidar_ros2_driver) StderrLine: {'line': b'      |                                                                         \x1b[01;35m\x1b[K~^\x1b[m\x1b[K                 \x1b[32m\x1b[K~~~~~~~\x1b[m\x1b[K\n'}
[4.945113] (ydlidar_ros2_driver) StderrLine: {'line': b'      |                                                                          \x1b[01;35m\x1b[K|\x1b[m\x1b[K                 \x1b[32m\x1b[K|\x1b[m\x1b[K\n'}
[4.945188] (ydlidar_ros2_driver) StderrLine: {'line': b'      |                                                                          \x1b[01;35m\x1b[Kunsigned int\x1b[m\x1b[K      \x1b[32m\x1b[K_size_t {aka long unsigned int}\x1b[m\x1b[K\n'}
[4.945256] (ydlidar_ros2_driver) StderrLine: {'line': b'      |                                                                         \x1b[32m\x1b[K%lX\x1b[m\x1b[K\n'}
[4.945318] (ydlidar_ros2_driver) StderrLine: {'line': b'\x1b[01m\x1b[K/home/baehh/ros2_ws/install/ydlidar_sdk/include/core/base/thread.h:150:40:\x1b[m\x1b[K \x1b[01;35m\x1b[Kwarning: \x1b[m\x1b[Kformat \xe2\x80\x98\x1b[01m\x1b[K%X\x1b[m\x1b[K\xe2\x80\x99 expects argument of type \xe2\x80\x98\x1b[01m\x1b[Kunsigned int\x1b[m\x1b[K\xe2\x80\x99, but argument 2 has type \xe2\x80\x98\x1b[01m\x1b[K_size_t\x1b[m\x1b[K\xe2\x80\x99 {aka \xe2\x80\x98\x1b[01m\x1b[Klong unsigned int\x1b[m\x1b[K\xe2\x80\x99} [\x1b[01;35m\x1b[K\x1b]8;;https://gcc.gnu.org/onlinedocs/gcc/Warning-Options.html#index-Wformat=\x07-Wformat=\x1b]8;;\x07\x1b[m\x1b[K]\n'}
[4.945380] (ydlidar_ros2_driver) StderrLine: {'line': b'  150 |           printf("[YDLIDAR] Thread [0x\x1b[01;35m\x1b[K%X\x1b[m\x1b[K] has been canceled\\n", \x1b[32m\x1b[K_handle\x1b[m\x1b[K);\n'}
[4.945488] (ydlidar_ros2_driver) StderrLine: {'line': b'      |                                       \x1b[01;35m\x1b[K~^\x1b[m\x1b[K                        \x1b[32m\x1b[K~~~~~~~\x1b[m\x1b[K\n'}
[4.945562] (ydlidar_ros2_driver) StderrLine: {'line': b'      |                                        \x1b[01;35m\x1b[K|\x1b[m\x1b[K                        \x1b[32m\x1b[K|\x1b[m\x1b[K\n'}
[4.945620] (ydlidar_ros2_driver) StderrLine: {'line': b'      |                                        \x1b[01;35m\x1b[Kunsigned int\x1b[m\x1b[K             \x1b[32m\x1b[K_size_t {aka long unsigned int}\x1b[m\x1b[K\n'}
[4.945677] (ydlidar_ros2_driver) StderrLine: {'line': b'      |                                       \x1b[32m\x1b[K%lX\x1b[m\x1b[K\n'}
[5.018735] (-) TimerEvent: {}
[5.027942] (ydlidar_ros2_driver) StderrLine: {'line': b'In file included from \x1b[01m\x1b[K/home/baehh/ros2_ws/install/ydlidar_sdk/include/core/common/DriverInterface.h:8\x1b[m\x1b[K,\n'}
[5.028215] (ydlidar_ros2_driver) StderrLine: {'line': b'                 from \x1b[01m\x1b[K/home/baehh/ros2_ws/install/ydlidar_sdk/include/src/CYdLidar.h:48\x1b[m\x1b[K,\n'}
[5.028282] (ydlidar_ros2_driver) StderrLine: {'line': b'                 from \x1b[01m\x1b[K/home/baehh/ros2_ws/src/ydlidar_ros2_driver/src/ydlidar_ros2_driver_node.cpp:16\x1b[m\x1b[K:\n'}
[5.028340] (ydlidar_ros2_driver) StderrLine: {'line': b'\x1b[01m\x1b[K/home/baehh/ros2_ws/install/ydlidar_sdk/include/core/common/ydlidar_protocol.h:\x1b[m\x1b[K At global scope:\n'}
[5.028407] (ydlidar_ros2_driver) StderrLine: {'line': b'\x1b[01m\x1b[K/home/baehh/ros2_ws/install/ydlidar_sdk/include/core/common/ydlidar_protocol.h:291:22:\x1b[m\x1b[K \x1b[01;35m\x1b[Kwarning: \x1b[m\x1b[Kmissing initializer for member \xe2\x80\x98\x1b[01m\x1b[Kdevice_info::firmware_version\x1b[m\x1b[K\xe2\x80\x99 [\x1b[01;35m\x1b[K\x1b]8;;https://gcc.gnu.org/onlinedocs/gcc/Warning-Options.html#index-Wmissing-field-initializers\x07-Wmissing-field-initializers\x1b]8;;\x07\x1b[m\x1b[K]\n'}
[5.028491] (ydlidar_ros2_driver) StderrLine: {'line': b'  291 |   device_info di = {0\x1b[01;35m\x1b[K}\x1b[m\x1b[K;\n'}
[5.028549] (ydlidar_ros2_driver) StderrLine: {'line': b'      |                      \x1b[01;35m\x1b[K^\x1b[m\x1b[K\n'}
[5.028607] (ydlidar_ros2_driver) StderrLine: {'line': b'\x1b[01m\x1b[K/home/baehh/ros2_ws/install/ydlidar_sdk/include/core/common/ydlidar_protocol.h:291:22:\x1b[m\x1b[K \x1b[01;35m\x1b[Kwarning: \x1b[m\x1b[Kmissing initializer for member \xe2\x80\x98\x1b[01m\x1b[Kdevice_info::hardware_version\x1b[m\x1b[K\xe2\x80\x99 [\x1b[01;35m\x1b[K\x1b]8;;https://gcc.gnu.org/onlinedocs/gcc/Warning-Options.html#index-Wmissing-field-initializers\x07-Wmissing-field-initializers\x1b]8;;\x07\x1b[m\x1b[K]\n'}
[5.028675] (ydlidar_ros2_driver) StderrLine: {'line': b'\x1b[01m\x1b[K/home/baehh/ros2_ws/install/ydlidar_sdk/include/core/common/ydlidar_protocol.h:291:22:\x1b[m\x1b[K \x1b[01;35m\x1b[Kwarning: \x1b[m\x1b[Kmissing initializer for member \xe2\x80\x98\x1b[01m\x1b[Kdevice_info::serialnum\x1b[m\x1b[K\xe2\x80\x99 [\x1b[01;35m\x1b[K\x1b]8;;https://gcc.gnu.org/onlinedocs/gcc/Warning-Options.html#index-Wmissing-field-initializers\x07-Wmissing-field-initializers\x1b]8;;\x07\x1b[m\x1b[K]\n'}
[5.037028] (ydlidar_ros2_driver) StderrLine: {'line': b'In file included from \x1b[01m\x1b[K/home/baehh/ros2_ws/install/ydlidar_sdk/include/src/CYdLidar.h:48\x1b[m\x1b[K,\n'}
[5.037229] (ydlidar_ros2_driver) StderrLine: {'line': b'                 from \x1b[01m\x1b[K/home/baehh/ros2_ws/src/ydlidar_ros2_driver/src/ydlidar_ros2_driver_node.cpp:16\x1b[m\x1b[K:\n'}
[5.037302] (ydlidar_ros2_driver) StderrLine: {'line': b'\x1b[01m\x1b[K/home/baehh/ros2_ws/install/ydlidar_sdk/include/core/common/DriverInterface.h:\x1b[m\x1b[K In member function \xe2\x80\x98\x1b[01m\x1b[Kvirtual bool ydlidar::core::common::DriverInterface::getDeviceInfoEx(device_info&, int)\x1b[m\x1b[K\xe2\x80\x99:\n'}
[5.037373] (ydlidar_ros2_driver) StderrLine: {'line': b'\x1b[01m\x1b[K/home/baehh/ros2_ws/install/ydlidar_sdk/include/core/common/DriverInterface.h:285:59:\x1b[m\x1b[K \x1b[01;35m\x1b[Kwarning: \x1b[m\x1b[Kunused parameter \xe2\x80\x98\x1b[01m\x1b[Ktype\x1b[m\x1b[K\xe2\x80\x99 [\x1b[01;35m\x1b[K\x1b]8;;https://gcc.gnu.org/onlinedocs/gcc/Warning-Options.html#index-Wunused-parameter\x07-Wunused-parameter\x1b]8;;\x07\x1b[m\x1b[K]\n'}
[5.037438] (ydlidar_ros2_driver) StderrLine: {'line': b'  285 |         virtual bool getDeviceInfoEx(device_info &di, \x1b[01;35m\x1b[Kint type=EPT_Module\x1b[m\x1b[K)\n'}
[5.037499] (ydlidar_ros2_driver) StderrLine: {'line': b'      |                                                       \x1b[01;35m\x1b[K~~~~^~~~~~~~~~~~~~~\x1b[m\x1b[K\n'}
[5.037556] (ydlidar_ros2_driver) StderrLine: {'line': b'\x1b[01m\x1b[K/home/baehh/ros2_ws/install/ydlidar_sdk/include/core/common/DriverInterface.h:\x1b[m\x1b[K In member function \xe2\x80\x98\x1b[01m\x1b[Kvirtual result_t ydlidar::core::common::DriverInterface::getScanFrequency(scan_frequency&, uint32_t)\x1b[m\x1b[K\xe2\x80\x99:\n'}
[5.037961] (ydlidar_ros2_driver) StderrLine: {'line': b'\x1b[01m\x1b[K/home/baehh/ros2_ws/install/ydlidar_sdk/include/core/common/DriverInterface.h:340:59:\x1b[m\x1b[K \x1b[01;35m\x1b[Kwarning: \x1b[m\x1b[Kunused parameter \xe2\x80\x98\x1b[01m\x1b[Kfrequency\x1b[m\x1b[K\xe2\x80\x99 [\x1b[01;35m\x1b[K\x1b]8;;https://gcc.gnu.org/onlinedocs/gcc/Warning-Options.html#index-Wunused-parameter\x07-Wunused-parameter\x1b]8;;\x07\x1b[m\x1b[K]\n'}
[5.038064] (ydlidar_ros2_driver) StderrLine: {'line': b'  340 |         virtual result_t getScanFrequency(\x1b[01;35m\x1b[Kscan_frequency &frequency\x1b[m\x1b[K,\n'}
[5.038124] (ydlidar_ros2_driver) StderrLine: {'line': b'      |                                           \x1b[01;35m\x1b[K~~~~~~~~~~~~~~~~^~~~~~~~~\x1b[m\x1b[K\n'}
[5.038182] (ydlidar_ros2_driver) StderrLine: {'line': b'\x1b[01m\x1b[K/home/baehh/ros2_ws/install/ydlidar_sdk/include/core/common/DriverInterface.h:341:52:\x1b[m\x1b[K \x1b[01;35m\x1b[Kwarning: \x1b[m\x1b[Kunused parameter \xe2\x80\x98\x1b[01m\x1b[Ktimeout\x1b[m\x1b[K\xe2\x80\x99 [\x1b[01;35m\x1b[K\x1b]8;;https://gcc.gnu.org/onlinedocs/gcc/Warning-Options.html#index-Wunused-parameter\x07-Wunused-parameter\x1b]8;;\x07\x1b[m\x1b[K]\n'}
[5.038266] (ydlidar_ros2_driver) StderrLine: {'line': b'  341 |                                           \x1b[01;35m\x1b[Kuint32_t timeout = DEFAULT_TIMEOUT\x1b[m\x1b[K)\n'}
[5.038324] (ydlidar_ros2_driver) StderrLine: {'line': b'      |                                           \x1b[01;35m\x1b[K~~~~~~~~~^~~~~~~~~~~~~~~~~~~~~~~~~\x1b[m\x1b[K\n'}
[5.038382] (ydlidar_ros2_driver) StderrLine: {'line': b'\x1b[01m\x1b[K/home/baehh/ros2_ws/install/ydlidar_sdk/include/core/common/DriverInterface.h:\x1b[m\x1b[K In member function \xe2\x80\x98\x1b[01m\x1b[Kvirtual result_t ydlidar::core::common::DriverInterface::setScanFrequencyAdd(scan_frequency&, uint32_t)\x1b[m\x1b[K\xe2\x80\x99:\n'}
[5.038441] (ydlidar_ros2_driver) StderrLine: {'line': b'\x1b[01m\x1b[K/home/baehh/ros2_ws/install/ydlidar_sdk/include/core/common/DriverInterface.h:355:62:\x1b[m\x1b[K \x1b[01;35m\x1b[Kwarning: \x1b[m\x1b[Kunused parameter \xe2\x80\x98\x1b[01m\x1b[Kfrequency\x1b[m\x1b[K\xe2\x80\x99 [\x1b[01;35m\x1b[K\x1b]8;;https://gcc.gnu.org/onlinedocs/gcc/Warning-Options.html#index-Wunused-parameter\x07-Wunused-parameter\x1b]8;;\x07\x1b[m\x1b[K]\n'}
[5.038506] (ydlidar_ros2_driver) StderrLine: {'line': b'  355 |         virtual result_t setScanFrequencyAdd(\x1b[01;35m\x1b[Kscan_frequency &frequency\x1b[m\x1b[K,\n'}
[5.038563] (ydlidar_ros2_driver) StderrLine: {'line': b'      |                                              \x1b[01;35m\x1b[K~~~~~~~~~~~~~~~~^~~~~~~~~\x1b[m\x1b[K\n'}
[5.038619] (ydlidar_ros2_driver) StderrLine: {'line': b'\x1b[01m\x1b[K/home/baehh/ros2_ws/install/ydlidar_sdk/include/core/common/DriverInterface.h:356:55:\x1b[m\x1b[K \x1b[01;35m\x1b[Kwarning: \x1b[m\x1b[Kunused parameter \xe2\x80\x98\x1b[01m\x1b[Ktimeout\x1b[m\x1b[K\xe2\x80\x99 [\x1b[01;35m\x1b[K\x1b]8;;https://gcc.gnu.org/onlinedocs/gcc/Warning-Options.html#index-Wunused-parameter\x07-Wunused-parameter\x1b]8;;\x07\x1b[m\x1b[K]\n'}
[5.038711] (ydlidar_ros2_driver) StderrLine: {'line': b'  356 |                                              \x1b[01;35m\x1b[Kuint32_t timeout = DEFAULT_TIMEOUT\x1b[m\x1b[K)\n'}
[5.038770] (ydlidar_ros2_driver) StderrLine: {'line': b'      |                                              \x1b[01;35m\x1b[K~~~~~~~~~^~~~~~~~~~~~~~~~~~~~~~~~~\x1b[m\x1b[K\n'}
[5.038827] (ydlidar_ros2_driver) StderrLine: {'line': b'\x1b[01m\x1b[K/home/baehh/ros2_ws/install/ydlidar_sdk/include/core/common/DriverInterface.h:\x1b[m\x1b[K In member function \xe2\x80\x98\x1b[01m\x1b[Kvirtual result_t ydlidar::core::common::DriverInterface::setScanFrequencyDis(scan_frequency&, uint32_t)\x1b[m\x1b[K\xe2\x80\x99:\n'}
[5.038890] (ydlidar_ros2_driver) StderrLine: {'line': b'\x1b[01m\x1b[K/home/baehh/ros2_ws/install/ydlidar_sdk/include/core/common/DriverInterface.h:370:62:\x1b[m\x1b[K \x1b[01;35m\x1b[Kwarning: \x1b[m\x1b[Kunused parameter \xe2\x80\x98\x1b[01m\x1b[Kfrequency\x1b[m\x1b[K\xe2\x80\x99 [\x1b[01;35m\x1b[K\x1b]8;;https://gcc.gnu.org/onlinedocs/gcc/Warning-Options.html#index-Wunused-parameter\x07-Wunused-parameter\x1b]8;;\x07\x1b[m\x1b[K]\n'}
[5.038957] (ydlidar_ros2_driver) StderrLine: {'line': b'  370 |         virtual result_t setScanFrequencyDis(\x1b[01;35m\x1b[Kscan_frequency &frequency\x1b[m\x1b[K,\n'}
[5.039013] (ydlidar_ros2_driver) StderrLine: {'line': b'      |                                              \x1b[01;35m\x1b[K~~~~~~~~~~~~~~~~^~~~~~~~~\x1b[m\x1b[K\n'}
[5.039068] (ydlidar_ros2_driver) StderrLine: {'line': b'\x1b[01m\x1b[K/home/baehh/ros2_ws/install/ydlidar_sdk/include/core/common/DriverInterface.h:371:55:\x1b[m\x1b[K \x1b[01;35m\x1b[Kwarning: \x1b[m\x1b[Kunused parameter \xe2\x80\x98\x1b[01m\x1b[Ktimeout\x1b[m\x1b[K\xe2\x80\x99 [\x1b[01;35m\x1b[K\x1b]8;;https://gcc.gnu.org/onlinedocs/gcc/Warning-Options.html#index-Wunused-parameter\x07-Wunused-parameter\x1b]8;;\x07\x1b[m\x1b[K]\n'}
[5.039138] (ydlidar_ros2_driver) StderrLine: {'line': b'  371 |                                              \x1b[01;35m\x1b[Kuint32_t timeout = DEFAULT_TIMEOUT\x1b[m\x1b[K)\n'}
[5.039191] (ydlidar_ros2_driver) StderrLine: {'line': b'      |                                              \x1b[01;35m\x1b[K~~~~~~~~~^~~~~~~~~~~~~~~~~~~~~~~~~\x1b[m\x1b[K\n'}
[5.039246] (ydlidar_ros2_driver) StderrLine: {'line': b'\x1b[01m\x1b[K/home/baehh/ros2_ws/install/ydlidar_sdk/include/core/common/DriverInterface.h:\x1b[m\x1b[K In member function \xe2\x80\x98\x1b[01m\x1b[Kvirtual result_t ydlidar::core::common::DriverInterface::setScanFrequencyAddMic(scan_frequency&, uint32_t)\x1b[m\x1b[K\xe2\x80\x99:\n'}
[5.039301] (ydlidar_ros2_driver) StderrLine: {'line': b'\x1b[01m\x1b[K/home/baehh/ros2_ws/install/ydlidar_sdk/include/core/common/DriverInterface.h:385:65:\x1b[m\x1b[K \x1b[01;35m\x1b[Kwarning: \x1b[m\x1b[Kunused parameter \xe2\x80\x98\x1b[01m\x1b[Kfrequency\x1b[m\x1b[K\xe2\x80\x99 [\x1b[01;35m\x1b[K\x1b]8;;https://gcc.gnu.org/onlinedocs/gcc/Warning-Options.html#index-Wunused-parameter\x07-Wunused-parameter\x1b]8;;\x07\x1b[m\x1b[K]\n'}
[5.039668] (ydlidar_ros2_driver) StderrLine: {'line': b'  385 |         virtual result_t setScanFrequencyAddMic(\x1b[01;35m\x1b[Kscan_frequency &frequency\x1b[m\x1b[K,\n'}
[5.039753] (ydlidar_ros2_driver) StderrLine: {'line': b'      |                                                 \x1b[01;35m\x1b[K~~~~~~~~~~~~~~~~^~~~~~~~~\x1b[m\x1b[K\n'}
[5.039813] (ydlidar_ros2_driver) StderrLine: {'line': b'\x1b[01m\x1b[K/home/baehh/ros2_ws/install/ydlidar_sdk/include/core/common/DriverInterface.h:386:58:\x1b[m\x1b[K \x1b[01;35m\x1b[Kwarning: \x1b[m\x1b[Kunused parameter \xe2\x80\x98\x1b[01m\x1b[Ktimeout\x1b[m\x1b[K\xe2\x80\x99 [\x1b[01;35m\x1b[K\x1b]8;;https://gcc.gnu.org/onlinedocs/gcc/Warning-Options.html#index-Wunused-parameter\x07-Wunused-parameter\x1b]8;;\x07\x1b[m\x1b[K]\n'}
[5.039884] (ydlidar_ros2_driver) StderrLine: {'line': b'  386 |                                                 \x1b[01;35m\x1b[Kuint32_t timeout = DEFAULT_TIMEOUT\x1b[m\x1b[K)\n'}
[5.039943] (ydlidar_ros2_driver) StderrLine: {'line': b'      |                                                 \x1b[01;35m\x1b[K~~~~~~~~~^~~~~~~~~~~~~~~~~~~~~~~~~\x1b[m\x1b[K\n'}
[5.039998] (ydlidar_ros2_driver) StderrLine: {'line': b'\x1b[01m\x1b[K/home/baehh/ros2_ws/install/ydlidar_sdk/include/core/common/DriverInterface.h:\x1b[m\x1b[K In member function \xe2\x80\x98\x1b[01m\x1b[Kvirtual result_t ydlidar::core::common::DriverInterface::setScanFrequencyDisMic(scan_frequency&, uint32_t)\x1b[m\x1b[K\xe2\x80\x99:\n'}
[5.040057] (ydlidar_ros2_driver) StderrLine: {'line': b'\x1b[01m\x1b[K/home/baehh/ros2_ws/install/ydlidar_sdk/include/core/common/DriverInterface.h:400:65:\x1b[m\x1b[K \x1b[01;35m\x1b[Kwarning: \x1b[m\x1b[Kunused parameter \xe2\x80\x98\x1b[01m\x1b[Kfrequency\x1b[m\x1b[K\xe2\x80\x99 [\x1b[01;35m\x1b[K\x1b]8;;https://gcc.gnu.org/onlinedocs/gcc/Warning-Options.html#index-Wunused-parameter\x07-Wunused-parameter\x1b]8;;\x07\x1b[m\x1b[K]\n'}
[5.040339] (ydlidar_ros2_driver) StderrLine: {'line': b'  400 |         virtual result_t setScanFrequencyDisMic(\x1b[01;35m\x1b[Kscan_frequency &frequency\x1b[m\x1b[K,\n'}
[5.040409] (ydlidar_ros2_driver) StderrLine: {'line': b'      |                                                 \x1b[01;35m\x1b[K~~~~~~~~~~~~~~~~^~~~~~~~~\x1b[m\x1b[K\n'}
[5.040470] (ydlidar_ros2_driver) StderrLine: {'line': b'\x1b[01m\x1b[K/home/baehh/ros2_ws/install/ydlidar_sdk/include/core/common/DriverInterface.h:401:58:\x1b[m\x1b[K \x1b[01;35m\x1b[Kwarning: \x1b[m\x1b[Kunused parameter \xe2\x80\x98\x1b[01m\x1b[Ktimeout\x1b[m\x1b[K\xe2\x80\x99 [\x1b[01;35m\x1b[K\x1b]8;;https://gcc.gnu.org/onlinedocs/gcc/Warning-Options.html#index-Wunused-parameter\x07-Wunused-parameter\x1b]8;;\x07\x1b[m\x1b[K]\n'}
[5.040527] (ydlidar_ros2_driver) StderrLine: {'line': b'  401 |                                                 \x1b[01;35m\x1b[Kuint32_t timeout = DEFAULT_TIMEOUT\x1b[m\x1b[K)\n'}
[5.040582] (ydlidar_ros2_driver) StderrLine: {'line': b'      |                                                 \x1b[01;35m\x1b[K~~~~~~~~~^~~~~~~~~~~~~~~~~~~~~~~~~\x1b[m\x1b[K\n'}
[5.040647] (ydlidar_ros2_driver) StderrLine: {'line': b'\x1b[01m\x1b[K/home/baehh/ros2_ws/install/ydlidar_sdk/include/core/common/DriverInterface.h:\x1b[m\x1b[K In member function \xe2\x80\x98\x1b[01m\x1b[Kvirtual result_t ydlidar::core::common::DriverInterface::getSamplingRate(sampling_rate&, uint32_t)\x1b[m\x1b[K\xe2\x80\x99:\n'}
[5.040707] (ydlidar_ros2_driver) StderrLine: {'line': b'\x1b[01m\x1b[K/home/baehh/ros2_ws/install/ydlidar_sdk/include/core/common/DriverInterface.h:415:57:\x1b[m\x1b[K \x1b[01;35m\x1b[Kwarning: \x1b[m\x1b[Kunused parameter \xe2\x80\x98\x1b[01m\x1b[Krate\x1b[m\x1b[K\xe2\x80\x99 [\x1b[01;35m\x1b[K\x1b]8;;https://gcc.gnu.org/onlinedocs/gcc/Warning-Options.html#index-Wunused-parameter\x07-Wunused-parameter\x1b]8;;\x07\x1b[m\x1b[K]\n'}
[5.040765] (ydlidar_ros2_driver) StderrLine: {'line': b'  415 |         virtual result_t getSamplingRate(\x1b[01;35m\x1b[Ksampling_rate &rate\x1b[m\x1b[K,\n'}
[5.040828] (ydlidar_ros2_driver) StderrLine: {'line': b'      |                                          \x1b[01;35m\x1b[K~~~~~~~~~~~~~~~^~~~\x1b[m\x1b[K\n'}
[5.040883] (ydlidar_ros2_driver) StderrLine: {'line': b'\x1b[01m\x1b[K/home/baehh/ros2_ws/install/ydlidar_sdk/include/core/common/DriverInterface.h:416:51:\x1b[m\x1b[K \x1b[01;35m\x1b[Kwarning: \x1b[m\x1b[Kunused parameter \xe2\x80\x98\x1b[01m\x1b[Ktimeout\x1b[m\x1b[K\xe2\x80\x99 [\x1b[01;35m\x1b[K\x1b]8;;https://gcc.gnu.org/onlinedocs/gcc/Warning-Options.html#index-Wunused-parameter\x07-Wunused-parameter\x1b]8;;\x07\x1b[m\x1b[K]\n'}
[5.040948] (ydlidar_ros2_driver) StderrLine: {'line': b'  416 |                                          \x1b[01;35m\x1b[Kuint32_t timeout = DEFAULT_TIMEOUT\x1b[m\x1b[K)\n'}
[5.041004] (ydlidar_ros2_driver) StderrLine: {'line': b'      |                                          \x1b[01;35m\x1b[K~~~~~~~~~^~~~~~~~~~~~~~~~~~~~~~~~~\x1b[m\x1b[K\n'}
[5.041066] (ydlidar_ros2_driver) StderrLine: {'line': b'\x1b[01m\x1b[K/home/baehh/ros2_ws/install/ydlidar_sdk/include/core/common/DriverInterface.h:\x1b[m\x1b[K In member function \xe2\x80\x98\x1b[01m\x1b[Kvirtual result_t ydlidar::core::common::DriverInterface::setSamplingRate(sampling_rate&, uint32_t)\x1b[m\x1b[K\xe2\x80\x99:\n'}
[5.041117] (ydlidar_ros2_driver) StderrLine: {'line': b'\x1b[01m\x1b[K/home/baehh/ros2_ws/install/ydlidar_sdk/include/core/common/DriverInterface.h:430:57:\x1b[m\x1b[K \x1b[01;35m\x1b[Kwarning: \x1b[m\x1b[Kunused parameter \xe2\x80\x98\x1b[01m\x1b[Krate\x1b[m\x1b[K\xe2\x80\x99 [\x1b[01;35m\x1b[K\x1b]8;;https://gcc.gnu.org/onlinedocs/gcc/Warning-Options.html#index-Wunused-parameter\x07-Wunused-parameter\x1b]8;;\x07\x1b[m\x1b[K]\n'}
[5.041193] (ydlidar_ros2_driver) StderrLine: {'line': b'  430 |         virtual result_t setSamplingRate(\x1b[01;35m\x1b[Ksampling_rate &rate\x1b[m\x1b[K,\n'}
[5.041258] (ydlidar_ros2_driver) StderrLine: {'line': b'      |                                          \x1b[01;35m\x1b[K~~~~~~~~~~~~~~~^~~~\x1b[m\x1b[K\n'}
[5.041527] (ydlidar_ros2_driver) StderrLine: {'line': b'\x1b[01m\x1b[K/home/baehh/ros2_ws/install/ydlidar_sdk/include/core/common/DriverInterface.h:431:51:\x1b[m\x1b[K \x1b[01;35m\x1b[Kwarning: \x1b[m\x1b[Kunused parameter \xe2\x80\x98\x1b[01m\x1b[Ktimeout\x1b[m\x1b[K\xe2\x80\x99 [\x1b[01;35m\x1b[K\x1b]8;;https://gcc.gnu.org/onlinedocs/gcc/Warning-Options.html#index-Wunused-parameter\x07-Wunused-parameter\x1b]8;;\x07\x1b[m\x1b[K]\n'}
[5.041611] (ydlidar_ros2_driver) StderrLine: {'line': b'  431 |                                          \x1b[01;35m\x1b[Kuint32_t timeout = DEFAULT_TIMEOUT\x1b[m\x1b[K)\n'}
[5.041671] (ydlidar_ros2_driver) StderrLine: {'line': b'      |                                          \x1b[01;35m\x1b[K~~~~~~~~~^~~~~~~~~~~~~~~~~~~~~~~~~\x1b[m\x1b[K\n'}
[5.041735] (ydlidar_ros2_driver) StderrLine: {'line': b'\x1b[01m\x1b[K/home/baehh/ros2_ws/install/ydlidar_sdk/include/core/common/DriverInterface.h:\x1b[m\x1b[K In member function \xe2\x80\x98\x1b[01m\x1b[Kvirtual result_t ydlidar::core::common::DriverInterface::getZeroOffsetAngle(offset_angle&, uint32_t)\x1b[m\x1b[K\xe2\x80\x99:\n'}
[5.041795] (ydlidar_ros2_driver) StderrLine: {'line': b'\x1b[01m\x1b[K/home/baehh/ros2_ws/install/ydlidar_sdk/include/core/common/DriverInterface.h:445:59:\x1b[m\x1b[K \x1b[01;35m\x1b[Kwarning: \x1b[m\x1b[Kunused parameter \xe2\x80\x98\x1b[01m\x1b[Kangle\x1b[m\x1b[K\xe2\x80\x99 [\x1b[01;35m\x1b[K\x1b]8;;https://gcc.gnu.org/onlinedocs/gcc/Warning-Options.html#index-Wunused-parameter\x07-Wunused-parameter\x1b]8;;\x07\x1b[m\x1b[K]\n'}
[5.041860] (ydlidar_ros2_driver) StderrLine: {'line': b'  445 |         virtual result_t getZeroOffsetAngle(\x1b[01;35m\x1b[Koffset_angle &angle\x1b[m\x1b[K,\n'}
[5.041915] (ydlidar_ros2_driver) StderrLine: {'line': b'      |                                             \x1b[01;35m\x1b[K~~~~~~~~~~~~~~^~~~~\x1b[m\x1b[K\n'}
[5.041973] (ydlidar_ros2_driver) StderrLine: {'line': b'\x1b[01m\x1b[K/home/baehh/ros2_ws/install/ydlidar_sdk/include/core/common/DriverInterface.h:446:54:\x1b[m\x1b[K \x1b[01;35m\x1b[Kwarning: \x1b[m\x1b[Kunused parameter \xe2\x80\x98\x1b[01m\x1b[Ktimeout\x1b[m\x1b[K\xe2\x80\x99 [\x1b[01;35m\x1b[K\x1b]8;;https://gcc.gnu.org/onlinedocs/gcc/Warning-Options.html#index-Wunused-parameter\x07-Wunused-parameter\x1b]8;;\x07\x1b[m\x1b[K]\n'}
[5.042032] (ydlidar_ros2_driver) StderrLine: {'line': b'  446 |                                             \x1b[01;35m\x1b[Kuint32_t timeout = DEFAULT_TIMEOUT\x1b[m\x1b[K)\n'}
[5.042095] (ydlidar_ros2_driver) StderrLine: {'line': b'      |                                             \x1b[01;35m\x1b[K~~~~~~~~~^~~~~~~~~~~~~~~~~~~~~~~~~\x1b[m\x1b[K\n'}
[5.042148] (ydlidar_ros2_driver) StderrLine: {'line': b'\x1b[01m\x1b[K/home/baehh/ros2_ws/install/ydlidar_sdk/include/core/common/DriverInterface.h:\x1b[m\x1b[K In member function \xe2\x80\x98\x1b[01m\x1b[Kvirtual result_t ydlidar::core::common::DriverInterface::setScanHeartbeat(scan_heart_beat&, uint32_t)\x1b[m\x1b[K\xe2\x80\x99:\n'}
[5.042232] (ydlidar_ros2_driver) StderrLine: {'line': b'\x1b[01m\x1b[K/home/baehh/ros2_ws/install/ydlidar_sdk/include/core/common/DriverInterface.h:461:60:\x1b[m\x1b[K \x1b[01;35m\x1b[Kwarning: \x1b[m\x1b[Kunused parameter \xe2\x80\x98\x1b[01m\x1b[Kbeat\x1b[m\x1b[K\xe2\x80\x99 [\x1b[01;35m\x1b[K\x1b]8;;https://gcc.gnu.org/onlinedocs/gcc/Warning-Options.html#index-Wunused-parameter\x07-Wunused-parameter\x1b]8;;\x07\x1b[m\x1b[K]\n'}
[5.042304] (ydlidar_ros2_driver) StderrLine: {'line': b'  461 |         virtual result_t setScanHeartbeat(\x1b[01;35m\x1b[Kscan_heart_beat &beat\x1b[m\x1b[K,\n'}
[5.042362] (ydlidar_ros2_driver) StderrLine: {'line': b'      |                                           \x1b[01;35m\x1b[K~~~~~~~~~~~~~~~~~^~~~\x1b[m\x1b[K\n'}
[5.042417] (ydlidar_ros2_driver) StderrLine: {'line': b'\x1b[01m\x1b[K/home/baehh/ros2_ws/install/ydlidar_sdk/include/core/common/DriverInterface.h:462:52:\x1b[m\x1b[K \x1b[01;35m\x1b[Kwarning: \x1b[m\x1b[Kunused parameter \xe2\x80\x98\x1b[01m\x1b[Ktimeout\x1b[m\x1b[K\xe2\x80\x99 [\x1b[01;35m\x1b[K\x1b]8;;https://gcc.gnu.org/onlinedocs/gcc/Warning-Options.html#index-Wunused-parameter\x07-Wunused-parameter\x1b]8;;\x07\x1b[m\x1b[K]\n'}
[5.042481] (ydlidar_ros2_driver) StderrLine: {'line': b'  462 |                                           \x1b[01;35m\x1b[Kuint32_t timeout = DEFAULT_TIMEOUT\x1b[m\x1b[K)\n'}
[5.042536] (ydlidar_ros2_driver) StderrLine: {'line': b'      |                                           \x1b[01;35m\x1b[K~~~~~~~~~^~~~~~~~~~~~~~~~~~~~~~~~~\x1b[m\x1b[K\n'}
[5.042591] (ydlidar_ros2_driver) StderrLine: {'line': b'\x1b[01m\x1b[K/home/baehh/ros2_ws/install/ydlidar_sdk/include/core/common/DriverInterface.h:\x1b[m\x1b[K In member function \xe2\x80\x98\x1b[01m\x1b[Kvirtual result_t ydlidar::core::common::DriverInterface::setWorkMode(int, uint8_t)\x1b[m\x1b[K\xe2\x80\x99:\n'}
[5.042658] (ydlidar_ros2_driver) StderrLine: {'line': b'\x1b[01m\x1b[K/home/baehh/ros2_ws/install/ydlidar_sdk/include/core/common/DriverInterface.h:493:42:\x1b[m\x1b[K \x1b[01;35m\x1b[Kwarning: \x1b[m\x1b[Kunused parameter \xe2\x80\x98\x1b[01m\x1b[Kmode\x1b[m\x1b[K\xe2\x80\x99 [\x1b[01;35m\x1b[K\x1b]8;;https://gcc.gnu.org/onlinedocs/gcc/Warning-Options.html#index-Wunused-parameter\x07-Wunused-parameter\x1b]8;;\x07\x1b[m\x1b[K]\n'}
[5.042722] (ydlidar_ros2_driver) StderrLine: {'line': b'  493 |         virtual result_t setWorkMode(\x1b[01;35m\x1b[Kint mode = 0\x1b[m\x1b[K, uint8_t addr = 0x00) {\n'}
[5.042778] (ydlidar_ros2_driver) StderrLine: {'line': b'      |                                      \x1b[01;35m\x1b[K~~~~^~~~~~~~\x1b[m\x1b[K\n'}
[5.042840] (ydlidar_ros2_driver) StderrLine: {'line': b'\x1b[01m\x1b[K/home/baehh/ros2_ws/install/ydlidar_sdk/include/core/common/DriverInterface.h:493:60:\x1b[m\x1b[K \x1b[01;35m\x1b[Kwarning: \x1b[m\x1b[Kunused parameter \xe2\x80\x98\x1b[01m\x1b[Kaddr\x1b[m\x1b[K\xe2\x80\x99 [\x1b[01;35m\x1b[K\x1b]8;;https://gcc.gnu.org/onlinedocs/gcc/Warning-Options.html#index-Wunused-parameter\x07-Wunused-parameter\x1b]8;;\x07\x1b[m\x1b[K]\n'}
[5.042897] (ydlidar_ros2_driver) StderrLine: {'line': b'  493 |         virtual result_t setWorkMode(int mode = 0, \x1b[01;35m\x1b[Kuint8_t addr = 0x00\x1b[m\x1b[K) {\n'}
[5.042952] (ydlidar_ros2_driver) StderrLine: {'line': b'      |                                                    \x1b[01;35m\x1b[K~~~~~~~~^~~~~~~~~~~\x1b[m\x1b[K\n'}
[5.118894] (-) TimerEvent: {}
[5.219416] (-) TimerEvent: {}
[5.319973] (-) TimerEvent: {}
[5.420465] (-) TimerEvent: {}
[5.521034] (-) TimerEvent: {}
[5.621427] (-) TimerEvent: {}
[5.721894] (-) TimerEvent: {}
[5.822360] (-) TimerEvent: {}
[5.922804] (-) TimerEvent: {}
[6.023319] (-) TimerEvent: {}
[6.123712] (-) TimerEvent: {}
[6.224259] (-) TimerEvent: {}
[6.324697] (-) TimerEvent: {}
[6.425276] (-) TimerEvent: {}
[6.525796] (-) TimerEvent: {}
[6.626166] (-) TimerEvent: {}
[6.637667] (ydlidar_ros2_driver) StderrLine: {'line': b'\x1b[01m\x1b[K/home/baehh/ros2_ws/src/ydlidar_ros2_driver/src/ydlidar_ros2_driver_node.cpp:\x1b[m\x1b[K In function \xe2\x80\x98\x1b[01m\x1b[Kint main(int, char**)\x1b[m\x1b[K\xe2\x80\x99:\n'}
[6.637882] (ydlidar_ros2_driver) StderrLine: {'line': b'\x1b[01m\x1b[K/home/baehh/ros2_ws/src/ydlidar_ros2_driver/src/ydlidar_ros2_driver_node.cpp:171:28:\x1b[m\x1b[K \x1b[01;31m\x1b[Kerror: \x1b[m\x1b[Kno matching function for call to \xe2\x80\x98\x1b[01m\x1b[Krclcpp::Node::declare_parameter(const char [8])\x1b[m\x1b[K\xe2\x80\x99\n'}
[6.637984] (ydlidar_ros2_driver) StderrLine: {'line': b'  171 |     \x1b[01;31m\x1b[Knode->declare_parameter("m1_mode")\x1b[m\x1b[K;\n'}
[6.638050] (ydlidar_ros2_driver) StderrLine: {'line': b'      |     \x1b[01;31m\x1b[K~~~~~~~~~~~~~~~~~~~~~~~^~~~~~~~~~~\x1b[m\x1b[K\n'}
[6.638832] (ydlidar_ros2_driver) StderrLine: {'line': b'In file included from \x1b[01m\x1b[K/opt/ros/humble/include/rclcpp/rclcpp/node.hpp:1321\x1b[m\x1b[K,\n'}
[6.638948] (ydlidar_ros2_driver) StderrLine: {'line': b'                 from \x1b[01m\x1b[K/opt/ros/humble/include/rclcpp/rclcpp/executors/single_threaded_executor.hpp:28\x1b[m\x1b[K,\n'}
[6.639016] (ydlidar_ros2_driver) StderrLine: {'line': b'                 from \x1b[01m\x1b[K/opt/ros/humble/include/rclcpp/rclcpp/executors.hpp:22\x1b[m\x1b[K,\n'}
[6.639078] (ydlidar_ros2_driver) StderrLine: {'line': b'                 from \x1b[01m\x1b[K/opt/ros/humble/include/rclcpp/rclcpp/rclcpp.hpp:155\x1b[m\x1b[K,\n'}
[6.639171] (ydlidar_ros2_driver) StderrLine: {'line': b'                 from \x1b[01m\x1b[K/home/baehh/ros2_ws/src/ydlidar_ros2_driver/src/ydlidar_ros2_driver_node.cpp:23\x1b[m\x1b[K:\n'}
[6.639233] (ydlidar_ros2_driver) StderrLine: {'line': b'\x1b[01m\x1b[K/opt/ros/humble/include/rclcpp/rclcpp/node_impl.hpp:195:1:\x1b[m\x1b[K \x1b[01;36m\x1b[Knote: \x1b[m\x1b[Kcandidate: \xe2\x80\x98\x1b[01m\x1b[Ktemplate<class ParameterT> auto rclcpp::Node::declare_parameter(const string&, const ParameterT&, const ParameterDescriptor&, bool)\x1b[m\x1b[K\xe2\x80\x99\n'}
[6.639296] (ydlidar_ros2_driver) StderrLine: {'line': b'  195 | \x1b[01;36m\x1b[KNode\x1b[m\x1b[K::declare_parameter(\n'}
[6.639358] (ydlidar_ros2_driver) StderrLine: {'line': b'      | \x1b[01;36m\x1b[K^~~~\x1b[m\x1b[K\n'}
[6.639428] (ydlidar_ros2_driver) StderrLine: {'line': b'\x1b[01m\x1b[K/opt/ros/humble/include/rclcpp/rclcpp/node_impl.hpp:195:1:\x1b[m\x1b[K \x1b[01;36m\x1b[Knote: \x1b[m\x1b[K  template argument deduction/substitution failed:\n'}
[6.639487] (ydlidar_ros2_driver) StderrLine: {'line': b'\x1b[01m\x1b[K/home/baehh/ros2_ws/src/ydlidar_ros2_driver/src/ydlidar_ros2_driver_node.cpp:171:28:\x1b[m\x1b[K \x1b[01;36m\x1b[Knote: \x1b[m\x1b[K  candidate expects 4 arguments, 1 provided\n'}
[6.639552] (ydlidar_ros2_driver) StderrLine: {'line': b'  171 |     \x1b[01;36m\x1b[Knode->declare_parameter("m1_mode")\x1b[m\x1b[K;\n'}
[6.639609] (ydlidar_ros2_driver) StderrLine: {'line': b'      |     \x1b[01;36m\x1b[K~~~~~~~~~~~~~~~~~~~~~~~^~~~~~~~~~~\x1b[m\x1b[K\n'}
[6.639664] (ydlidar_ros2_driver) StderrLine: {'line': b'In file included from \x1b[01m\x1b[K/opt/ros/humble/include/rclcpp/rclcpp/executors/single_threaded_executor.hpp:28\x1b[m\x1b[K,\n'}
[6.639721] (ydlidar_ros2_driver) StderrLine: {'line': b'                 from \x1b[01m\x1b[K/opt/ros/humble/include/rclcpp/rclcpp/executors.hpp:22\x1b[m\x1b[K,\n'}
[6.639775] (ydlidar_ros2_driver) StderrLine: {'line': b'                 from \x1b[01m\x1b[K/opt/ros/humble/include/rclcpp/rclcpp/rclcpp.hpp:155\x1b[m\x1b[K,\n'}
[6.639827] (ydlidar_ros2_driver) StderrLine: {'line': b'                 from \x1b[01m\x1b[K/home/baehh/ros2_ws/src/ydlidar_ros2_driver/src/ydlidar_ros2_driver_node.cpp:23\x1b[m\x1b[K:\n'}
[6.639897] (ydlidar_ros2_driver) StderrLine: {'line': b'\x1b[01m\x1b[K/opt/ros/humble/include/rclcpp/rclcpp/node.hpp:434:3:\x1b[m\x1b[K \x1b[01;36m\x1b[Knote: \x1b[m\x1b[Kcandidate: \xe2\x80\x98\x1b[01m\x1b[Ktemplate<class ParameterT> auto rclcpp::Node::declare_parameter(const string&, const ParameterDescriptor&, bool)\x1b[m\x1b[K\xe2\x80\x99\n'}
[6.639958] (ydlidar_ros2_driver) StderrLine: {'line': b'  434 |   \x1b[01;36m\x1b[Kdeclare_parameter\x1b[m\x1b[K(\n'}
[6.640016] (ydlidar_ros2_driver) StderrLine: {'line': b'      |   \x1b[01;36m\x1b[K^~~~~~~~~~~~~~~~~\x1b[m\x1b[K\n'}
[6.640072] (ydlidar_ros2_driver) StderrLine: {'line': b'\x1b[01m\x1b[K/opt/ros/humble/include/rclcpp/rclcpp/node.hpp:434:3:\x1b[m\x1b[K \x1b[01;36m\x1b[Knote: \x1b[m\x1b[K  template argument deduction/substitution failed:\n'}
[6.640466] (ydlidar_ros2_driver) StderrLine: {'line': b'\x1b[01m\x1b[K/home/baehh/ros2_ws/src/ydlidar_ros2_driver/src/ydlidar_ros2_driver_node.cpp:171:28:\x1b[m\x1b[K \x1b[01;36m\x1b[Knote: \x1b[m\x1b[K  couldn\xe2\x80\x99t deduce template parameter \xe2\x80\x98\x1b[01m\x1b[KParameterT\x1b[m\x1b[K\xe2\x80\x99\n'}
[6.640539] (ydlidar_ros2_driver) StderrLine: {'line': b'  171 |     \x1b[01;36m\x1b[Knode->declare_parameter("m1_mode")\x1b[m\x1b[K;\n'}
[6.640603] (ydlidar_ros2_driver) StderrLine: {'line': b'      |     \x1b[01;36m\x1b[K~~~~~~~~~~~~~~~~~~~~~~~^~~~~~~~~~~\x1b[m\x1b[K\n'}
[6.640658] (ydlidar_ros2_driver) StderrLine: {'line': b'In file included from \x1b[01m\x1b[K/opt/ros/humble/include/rclcpp/rclcpp/executors/single_threaded_executor.hpp:28\x1b[m\x1b[K,\n'}
[6.640715] (ydlidar_ros2_driver) StderrLine: {'line': b'                 from \x1b[01m\x1b[K/opt/ros/humble/include/rclcpp/rclcpp/executors.hpp:22\x1b[m\x1b[K,\n'}
[6.640770] (ydlidar_ros2_driver) StderrLine: {'line': b'                 from \x1b[01m\x1b[K/opt/ros/humble/include/rclcpp/rclcpp/rclcpp.hpp:155\x1b[m\x1b[K,\n'}
[6.640826] (ydlidar_ros2_driver) StderrLine: {'line': b'                 from \x1b[01m\x1b[K/home/baehh/ros2_ws/src/ydlidar_ros2_driver/src/ydlidar_ros2_driver_node.cpp:23\x1b[m\x1b[K:\n'}
[6.640887] (ydlidar_ros2_driver) StderrLine: {'line': b'\x1b[01m\x1b[K/opt/ros/humble/include/rclcpp/rclcpp/node.hpp:366:3:\x1b[m\x1b[K \x1b[01;36m\x1b[Knote: \x1b[m\x1b[Kcandidate: \xe2\x80\x98\x1b[01m\x1b[Kconst rclcpp::ParameterValue& rclcpp::Node::declare_parameter(const string&, const rclcpp::ParameterValue&, const ParameterDescriptor&, bool)\x1b[m\x1b[K\xe2\x80\x99\n'}
[6.640949] (ydlidar_ros2_driver) StderrLine: {'line': b'  366 |   \x1b[01;36m\x1b[Kdeclare_parameter\x1b[m\x1b[K(\n'}
[6.641002] (ydlidar_ros2_driver) StderrLine: {'line': b'      |   \x1b[01;36m\x1b[K^~~~~~~~~~~~~~~~~\x1b[m\x1b[K\n'}
[6.641091] (ydlidar_ros2_driver) StderrLine: {'line': b'\x1b[01m\x1b[K/opt/ros/humble/include/rclcpp/rclcpp/node.hpp:366:3:\x1b[m\x1b[K \x1b[01;36m\x1b[Knote: \x1b[m\x1b[K  candidate expects 4 arguments, 1 provided\n'}
[6.641178] (ydlidar_ros2_driver) StderrLine: {'line': b'\x1b[01m\x1b[K/opt/ros/humble/include/rclcpp/rclcpp/node.hpp:391:3:\x1b[m\x1b[K \x1b[01;36m\x1b[Knote: \x1b[m\x1b[Kcandidate: \xe2\x80\x98\x1b[01m\x1b[Kconst rclcpp::ParameterValue& rclcpp::Node::declare_parameter(const string&, rclcpp::ParameterType, const ParameterDescriptor&, bool)\x1b[m\x1b[K\xe2\x80\x99\n'}
[6.641245] (ydlidar_ros2_driver) StderrLine: {'line': b'  391 |   \x1b[01;36m\x1b[Kdeclare_parameter\x1b[m\x1b[K(\n'}
[6.641303] (ydlidar_ros2_driver) StderrLine: {'line': b'      |   \x1b[01;36m\x1b[K^~~~~~~~~~~~~~~~~\x1b[m\x1b[K\n'}
[6.641358] (ydlidar_ros2_driver) StderrLine: {'line': b'\x1b[01m\x1b[K/opt/ros/humble/include/rclcpp/rclcpp/node.hpp:391:3:\x1b[m\x1b[K \x1b[01;36m\x1b[Knote: \x1b[m\x1b[K  candidate expects 4 arguments, 1 provided\n'}
[6.641824] (ydlidar_ros2_driver) StderrLine: {'line': b'\x1b[01m\x1b[K/home/baehh/ros2_ws/src/ydlidar_ros2_driver/src/ydlidar_ros2_driver_node.cpp:175:28:\x1b[m\x1b[K \x1b[01;31m\x1b[Kerror: \x1b[m\x1b[Kno matching function for call to \xe2\x80\x98\x1b[01m\x1b[Krclcpp::Node::declare_parameter(const char [8])\x1b[m\x1b[K\xe2\x80\x99\n'}
[6.642018] (ydlidar_ros2_driver) StderrLine: {'line': b'  175 |     \x1b[01;31m\x1b[Knode->declare_parameter("m2_mode")\x1b[m\x1b[K;\n'}
[6.642149] (ydlidar_ros2_driver) StderrLine: {'line': b'      |     \x1b[01;31m\x1b[K~~~~~~~~~~~~~~~~~~~~~~~^~~~~~~~~~~\x1b[m\x1b[K\n'}
[6.642273] (ydlidar_ros2_driver) StderrLine: {'line': b'In file included from \x1b[01m\x1b[K/opt/ros/humble/include/rclcpp/rclcpp/node.hpp:1321\x1b[m\x1b[K,\n'}
[6.642424] (ydlidar_ros2_driver) StderrLine: {'line': b'                 from \x1b[01m\x1b[K/opt/ros/humble/include/rclcpp/rclcpp/executors/single_threaded_executor.hpp:28\x1b[m\x1b[K,\n'}
[6.642567] (ydlidar_ros2_driver) StderrLine: {'line': b'                 from \x1b[01m\x1b[K/opt/ros/humble/include/rclcpp/rclcpp/executors.hpp:22\x1b[m\x1b[K,\n'}
[6.642715] (ydlidar_ros2_driver) StderrLine: {'line': b'                 from \x1b[01m\x1b[K/opt/ros/humble/include/rclcpp/rclcpp/rclcpp.hpp:155\x1b[m\x1b[K,\n'}
[6.642858] (ydlidar_ros2_driver) StderrLine: {'line': b'                 from \x1b[01m\x1b[K/home/baehh/ros2_ws/src/ydlidar_ros2_driver/src/ydlidar_ros2_driver_node.cpp:23\x1b[m\x1b[K:\n'}
[6.643002] (ydlidar_ros2_driver) StderrLine: {'line': b'\x1b[01m\x1b[K/opt/ros/humble/include/rclcpp/rclcpp/node_impl.hpp:195:1:\x1b[m\x1b[K \x1b[01;36m\x1b[Knote: \x1b[m\x1b[Kcandidate: \xe2\x80\x98\x1b[01m\x1b[Ktemplate<class ParameterT> auto rclcpp::Node::declare_parameter(const string&, const ParameterT&, const ParameterDescriptor&, bool)\x1b[m\x1b[K\xe2\x80\x99\n'}
[6.643148] (ydlidar_ros2_driver) StderrLine: {'line': b'  195 | \x1b[01;36m\x1b[KNode\x1b[m\x1b[K::declare_parameter(\n'}
[6.643293] (ydlidar_ros2_driver) StderrLine: {'line': b'      | \x1b[01;36m\x1b[K^~~~\x1b[m\x1b[K\n'}
[6.643439] (ydlidar_ros2_driver) StderrLine: {'line': b'\x1b[01m\x1b[K/opt/ros/humble/include/rclcpp/rclcpp/node_impl.hpp:195:1:\x1b[m\x1b[K \x1b[01;36m\x1b[Knote: \x1b[m\x1b[K  template argument deduction/substitution failed:\n'}
[6.643618] (ydlidar_ros2_driver) StderrLine: {'line': b'\x1b[01m\x1b[K/home/baehh/ros2_ws/src/ydlidar_ros2_driver/src/ydlidar_ros2_driver_node.cpp:175:28:\x1b[m\x1b[K \x1b[01;36m\x1b[Knote: \x1b[m\x1b[K  candidate expects 4 arguments, 1 provided\n'}
[6.643761] (ydlidar_ros2_driver) StderrLine: {'line': b'  175 |     \x1b[01;36m\x1b[Knode->declare_parameter("m2_mode")\x1b[m\x1b[K;\n'}
[6.643893] (ydlidar_ros2_driver) StderrLine: {'line': b'      |     \x1b[01;36m\x1b[K~~~~~~~~~~~~~~~~~~~~~~~^~~~~~~~~~~\x1b[m\x1b[K\n'}
[6.644017] (ydlidar_ros2_driver) StderrLine: {'line': b'In file included from \x1b[01m\x1b[K/opt/ros/humble/include/rclcpp/rclcpp/executors/single_threaded_executor.hpp:28\x1b[m\x1b[K,\n'}
[6.644452] (ydlidar_ros2_driver) StderrLine: {'line': b'                 from \x1b[01m\x1b[K/opt/ros/humble/include/rclcpp/rclcpp/executors.hpp:22\x1b[m\x1b[K,\n'}
[6.644502] (ydlidar_ros2_driver) StderrLine: {'line': b'                 from \x1b[01m\x1b[K/opt/ros/humble/include/rclcpp/rclcpp/rclcpp.hpp:155\x1b[m\x1b[K,\n'}
[6.644536] (ydlidar_ros2_driver) StderrLine: {'line': b'                 from \x1b[01m\x1b[K/home/baehh/ros2_ws/src/ydlidar_ros2_driver/src/ydlidar_ros2_driver_node.cpp:23\x1b[m\x1b[K:\n'}
[6.644571] (ydlidar_ros2_driver) StderrLine: {'line': b'\x1b[01m\x1b[K/opt/ros/humble/include/rclcpp/rclcpp/node.hpp:434:3:\x1b[m\x1b[K \x1b[01;36m\x1b[Knote: \x1b[m\x1b[Kcandidate: \xe2\x80\x98\x1b[01m\x1b[Ktemplate<class ParameterT> auto rclcpp::Node::declare_parameter(const string&, const ParameterDescriptor&, bool)\x1b[m\x1b[K\xe2\x80\x99\n'}
[6.644607] (ydlidar_ros2_driver) StderrLine: {'line': b'  434 |   \x1b[01;36m\x1b[Kdeclare_parameter\x1b[m\x1b[K(\n'}
[6.644640] (ydlidar_ros2_driver) StderrLine: {'line': b'      |   \x1b[01;36m\x1b[K^~~~~~~~~~~~~~~~~\x1b[m\x1b[K\n'}
[6.644674] (ydlidar_ros2_driver) StderrLine: {'line': b'\x1b[01m\x1b[K/opt/ros/humble/include/rclcpp/rclcpp/node.hpp:434:3:\x1b[m\x1b[K \x1b[01;36m\x1b[Knote: \x1b[m\x1b[K  template argument deduction/substitution failed:\n'}
[6.644708] (ydlidar_ros2_driver) StderrLine: {'line': b'\x1b[01m\x1b[K/home/baehh/ros2_ws/src/ydlidar_ros2_driver/src/ydlidar_ros2_driver_node.cpp:175:28:\x1b[m\x1b[K \x1b[01;36m\x1b[Knote: \x1b[m\x1b[K  couldn\xe2\x80\x99t deduce template parameter \xe2\x80\x98\x1b[01m\x1b[KParameterT\x1b[m\x1b[K\xe2\x80\x99\n'}
[6.644745] (ydlidar_ros2_driver) StderrLine: {'line': b'  175 |     \x1b[01;36m\x1b[Knode->declare_parameter("m2_mode")\x1b[m\x1b[K;\n'}
[6.644779] (ydlidar_ros2_driver) StderrLine: {'line': b'      |     \x1b[01;36m\x1b[K~~~~~~~~~~~~~~~~~~~~~~~^~~~~~~~~~~\x1b[m\x1b[K\n'}
[6.644812] (ydlidar_ros2_driver) StderrLine: {'line': b'In file included from \x1b[01m\x1b[K/opt/ros/humble/include/rclcpp/rclcpp/executors/single_threaded_executor.hpp:28\x1b[m\x1b[K,\n'}
[6.644845] (ydlidar_ros2_driver) StderrLine: {'line': b'                 from \x1b[01m\x1b[K/opt/ros/humble/include/rclcpp/rclcpp/executors.hpp:22\x1b[m\x1b[K,\n'}
[6.644877] (ydlidar_ros2_driver) StderrLine: {'line': b'                 from \x1b[01m\x1b[K/opt/ros/humble/include/rclcpp/rclcpp/rclcpp.hpp:155\x1b[m\x1b[K,\n'}
[6.644912] (ydlidar_ros2_driver) StderrLine: {'line': b'                 from \x1b[01m\x1b[K/home/baehh/ros2_ws/src/ydlidar_ros2_driver/src/ydlidar_ros2_driver_node.cpp:23\x1b[m\x1b[K:\n'}
[6.644946] (ydlidar_ros2_driver) StderrLine: {'line': b'\x1b[01m\x1b[K/opt/ros/humble/include/rclcpp/rclcpp/node.hpp:366:3:\x1b[m\x1b[K \x1b[01;36m\x1b[Knote: \x1b[m\x1b[Kcandidate: \xe2\x80\x98\x1b[01m\x1b[Kconst rclcpp::ParameterValue& rclcpp::Node::declare_parameter(const string&, const rclcpp::ParameterValue&, const ParameterDescriptor&, bool)\x1b[m\x1b[K\xe2\x80\x99\n'}
[6.644982] (ydlidar_ros2_driver) StderrLine: {'line': b'  366 |   \x1b[01;36m\x1b[Kdeclare_parameter\x1b[m\x1b[K(\n'}
[6.645014] (ydlidar_ros2_driver) StderrLine: {'line': b'      |   \x1b[01;36m\x1b[K^~~~~~~~~~~~~~~~~\x1b[m\x1b[K\n'}
[6.645045] (ydlidar_ros2_driver) StderrLine: {'line': b'\x1b[01m\x1b[K/opt/ros/humble/include/rclcpp/rclcpp/node.hpp:366:3:\x1b[m\x1b[K \x1b[01;36m\x1b[Knote: \x1b[m\x1b[K  candidate expects 4 arguments, 1 provided\n'}
[6.645076] (ydlidar_ros2_driver) StderrLine: {'line': b'\x1b[01m\x1b[K/opt/ros/humble/include/rclcpp/rclcpp/node.hpp:391:3:\x1b[m\x1b[K \x1b[01;36m\x1b[Knote: \x1b[m\x1b[Kcandidate: \xe2\x80\x98\x1b[01m\x1b[Kconst rclcpp::ParameterValue& rclcpp::Node::declare_parameter(const string&, rclcpp::ParameterType, const ParameterDescriptor&, bool)\x1b[m\x1b[K\xe2\x80\x99\n'}
[6.645110] (ydlidar_ros2_driver) StderrLine: {'line': b'  391 |   \x1b[01;36m\x1b[Kdeclare_parameter\x1b[m\x1b[K(\n'}
[6.645141] (ydlidar_ros2_driver) StderrLine: {'line': b'      |   \x1b[01;36m\x1b[K^~~~~~~~~~~~~~~~~\x1b[m\x1b[K\n'}
[6.645175] (ydlidar_ros2_driver) StderrLine: {'line': b'\x1b[01m\x1b[K/opt/ros/humble/include/rclcpp/rclcpp/node.hpp:391:3:\x1b[m\x1b[K \x1b[01;36m\x1b[Knote: \x1b[m\x1b[K  candidate expects 4 arguments, 1 provided\n'}
[6.645207] (ydlidar_ros2_driver) StderrLine: {'line': b'\x1b[01m\x1b[K/home/baehh/ros2_ws/src/ydlidar_ros2_driver/src/ydlidar_ros2_driver_node.cpp:179:28:\x1b[m\x1b[K \x1b[01;31m\x1b[Kerror: \x1b[m\x1b[Kno matching function for call to \xe2\x80\x98\x1b[01m\x1b[Krclcpp::Node::declare_parameter(const char [8])\x1b[m\x1b[K\xe2\x80\x99\n'}
[6.645239] (ydlidar_ros2_driver) StderrLine: {'line': b'  179 |     \x1b[01;31m\x1b[Knode->declare_parameter("m3_mode")\x1b[m\x1b[K;\n'}
[6.645270] (ydlidar_ros2_driver) StderrLine: {'line': b'      |     \x1b[01;31m\x1b[K~~~~~~~~~~~~~~~~~~~~~~~^~~~~~~~~~~\x1b[m\x1b[K\n'}
[6.645300] (ydlidar_ros2_driver) StderrLine: {'line': b'In file included from \x1b[01m\x1b[K/opt/ros/humble/include/rclcpp/rclcpp/node.hpp:1321\x1b[m\x1b[K,\n'}
[6.645332] (ydlidar_ros2_driver) StderrLine: {'line': b'                 from \x1b[01m\x1b[K/opt/ros/humble/include/rclcpp/rclcpp/executors/single_threaded_executor.hpp:28\x1b[m\x1b[K,\n'}
[6.645364] (ydlidar_ros2_driver) StderrLine: {'line': b'                 from \x1b[01m\x1b[K/opt/ros/humble/include/rclcpp/rclcpp/executors.hpp:22\x1b[m\x1b[K,\n'}
[6.645394] (ydlidar_ros2_driver) StderrLine: {'line': b'                 from \x1b[01m\x1b[K/opt/ros/humble/include/rclcpp/rclcpp/rclcpp.hpp:155\x1b[m\x1b[K,\n'}
[6.645425] (ydlidar_ros2_driver) StderrLine: {'line': b'                 from \x1b[01m\x1b[K/home/baehh/ros2_ws/src/ydlidar_ros2_driver/src/ydlidar_ros2_driver_node.cpp:23\x1b[m\x1b[K:\n'}
[6.645461] (ydlidar_ros2_driver) StderrLine: {'line': b'\x1b[01m\x1b[K/opt/ros/humble/include/rclcpp/rclcpp/node_impl.hpp:195:1:\x1b[m\x1b[K \x1b[01;36m\x1b[Knote: \x1b[m\x1b[Kcandidate: \xe2\x80\x98\x1b[01m\x1b[Ktemplate<class ParameterT> auto rclcpp::Node::declare_parameter(const string&, const ParameterT&, const ParameterDescriptor&, bool)\x1b[m\x1b[K\xe2\x80\x99\n'}
[6.645494] (ydlidar_ros2_driver) StderrLine: {'line': b'  195 | \x1b[01;36m\x1b[KNode\x1b[m\x1b[K::declare_parameter(\n'}
[6.645525] (ydlidar_ros2_driver) StderrLine: {'line': b'      | \x1b[01;36m\x1b[K^~~~\x1b[m\x1b[K\n'}
[6.645557] (ydlidar_ros2_driver) StderrLine: {'line': b'\x1b[01m\x1b[K/opt/ros/humble/include/rclcpp/rclcpp/node_impl.hpp:195:1:\x1b[m\x1b[K \x1b[01;36m\x1b[Knote: \x1b[m\x1b[K  template argument deduction/substitution failed:\n'}
[6.645589] (ydlidar_ros2_driver) StderrLine: {'line': b'\x1b[01m\x1b[K/home/baehh/ros2_ws/src/ydlidar_ros2_driver/src/ydlidar_ros2_driver_node.cpp:179:28:\x1b[m\x1b[K \x1b[01;36m\x1b[Knote: \x1b[m\x1b[K  candidate expects 4 arguments, 1 provided\n'}
[6.645620] (ydlidar_ros2_driver) StderrLine: {'line': b'  179 |     \x1b[01;36m\x1b[Knode->declare_parameter("m3_mode")\x1b[m\x1b[K;\n'}
[6.645651] (ydlidar_ros2_driver) StderrLine: {'line': b'      |     \x1b[01;36m\x1b[K~~~~~~~~~~~~~~~~~~~~~~~^~~~~~~~~~~\x1b[m\x1b[K\n'}
[6.645682] (ydlidar_ros2_driver) StderrLine: {'line': b'In file included from \x1b[01m\x1b[K/opt/ros/humble/include/rclcpp/rclcpp/executors/single_threaded_executor.hpp:28\x1b[m\x1b[K,\n'}
[6.645717] (ydlidar_ros2_driver) StderrLine: {'line': b'                 from \x1b[01m\x1b[K/opt/ros/humble/include/rclcpp/rclcpp/executors.hpp:22\x1b[m\x1b[K,\n'}
[6.645748] (ydlidar_ros2_driver) StderrLine: {'line': b'                 from \x1b[01m\x1b[K/opt/ros/humble/include/rclcpp/rclcpp/rclcpp.hpp:155\x1b[m\x1b[K,\n'}
[6.645778] (ydlidar_ros2_driver) StderrLine: {'line': b'                 from \x1b[01m\x1b[K/home/baehh/ros2_ws/src/ydlidar_ros2_driver/src/ydlidar_ros2_driver_node.cpp:23\x1b[m\x1b[K:\n'}
[6.645810] (ydlidar_ros2_driver) StderrLine: {'line': b'\x1b[01m\x1b[K/opt/ros/humble/include/rclcpp/rclcpp/node.hpp:434:3:\x1b[m\x1b[K \x1b[01;36m\x1b[Knote: \x1b[m\x1b[Kcandidate: \xe2\x80\x98\x1b[01m\x1b[Ktemplate<class ParameterT> auto rclcpp::Node::declare_parameter(const string&, const ParameterDescriptor&, bool)\x1b[m\x1b[K\xe2\x80\x99\n'}
[6.645844] (ydlidar_ros2_driver) StderrLine: {'line': b'  434 |   \x1b[01;36m\x1b[Kdeclare_parameter\x1b[m\x1b[K(\n'}
[6.645876] (ydlidar_ros2_driver) StderrLine: {'line': b'      |   \x1b[01;36m\x1b[K^~~~~~~~~~~~~~~~~\x1b[m\x1b[K\n'}
[6.645908] (ydlidar_ros2_driver) StderrLine: {'line': b'\x1b[01m\x1b[K/opt/ros/humble/include/rclcpp/rclcpp/node.hpp:434:3:\x1b[m\x1b[K \x1b[01;36m\x1b[Knote: \x1b[m\x1b[K  template argument deduction/substitution failed:\n'}
[6.645942] (ydlidar_ros2_driver) StderrLine: {'line': b'\x1b[01m\x1b[K/home/baehh/ros2_ws/src/ydlidar_ros2_driver/src/ydlidar_ros2_driver_node.cpp:179:28:\x1b[m\x1b[K \x1b[01;36m\x1b[Knote: \x1b[m\x1b[K  couldn\xe2\x80\x99t deduce template parameter \xe2\x80\x98\x1b[01m\x1b[KParameterT\x1b[m\x1b[K\xe2\x80\x99\n'}
[6.645974] (ydlidar_ros2_driver) StderrLine: {'line': b'  179 |     \x1b[01;36m\x1b[Knode->declare_parameter("m3_mode")\x1b[m\x1b[K;\n'}
[6.646005] (ydlidar_ros2_driver) StderrLine: {'line': b'      |     \x1b[01;36m\x1b[K~~~~~~~~~~~~~~~~~~~~~~~^~~~~~~~~~~\x1b[m\x1b[K\n'}
[6.646036] (ydlidar_ros2_driver) StderrLine: {'line': b'In file included from \x1b[01m\x1b[K/opt/ros/humble/include/rclcpp/rclcpp/executors/single_threaded_executor.hpp:28\x1b[m\x1b[K,\n'}
[6.646068] (ydlidar_ros2_driver) StderrLine: {'line': b'                 from \x1b[01m\x1b[K/opt/ros/humble/include/rclcpp/rclcpp/executors.hpp:22\x1b[m\x1b[K,\n'}
[6.646102] (ydlidar_ros2_driver) StderrLine: {'line': b'                 from \x1b[01m\x1b[K/opt/ros/humble/include/rclcpp/rclcpp/rclcpp.hpp:155\x1b[m\x1b[K,\n'}
[6.646134] (ydlidar_ros2_driver) StderrLine: {'line': b'                 from \x1b[01m\x1b[K/home/baehh/ros2_ws/src/ydlidar_ros2_driver/src/ydlidar_ros2_driver_node.cpp:23\x1b[m\x1b[K:\n'}
[6.646165] (ydlidar_ros2_driver) StderrLine: {'line': b'\x1b[01m\x1b[K/opt/ros/humble/include/rclcpp/rclcpp/node.hpp:366:3:\x1b[m\x1b[K \x1b[01;36m\x1b[Knote: \x1b[m\x1b[Kcandidate: \xe2\x80\x98\x1b[01m\x1b[Kconst rclcpp::ParameterValue& rclcpp::Node::declare_parameter(const string&, const rclcpp::ParameterValue&, const ParameterDescriptor&, bool)\x1b[m\x1b[K\xe2\x80\x99\n'}
[6.646222] (ydlidar_ros2_driver) StderrLine: {'line': b'  366 |   \x1b[01;36m\x1b[Kdeclare_parameter\x1b[m\x1b[K(\n'}
[6.646257] (ydlidar_ros2_driver) StderrLine: {'line': b'      |   \x1b[01;36m\x1b[K^~~~~~~~~~~~~~~~~\x1b[m\x1b[K\n'}
[6.646289] (ydlidar_ros2_driver) StderrLine: {'line': b'\x1b[01m\x1b[K/opt/ros/humble/include/rclcpp/rclcpp/node.hpp:366:3:\x1b[m\x1b[K \x1b[01;36m\x1b[Knote: \x1b[m\x1b[K  candidate expects 4 arguments, 1 provided\n'}
[6.646323] (ydlidar_ros2_driver) StderrLine: {'line': b'\x1b[01m\x1b[K/opt/ros/humble/include/rclcpp/rclcpp/node.hpp:391:3:\x1b[m\x1b[K \x1b[01;36m\x1b[Knote: \x1b[m\x1b[Kcandidate: \xe2\x80\x98\x1b[01m\x1b[Kconst rclcpp::ParameterValue& rclcpp::Node::declare_parameter(const string&, rclcpp::ParameterType, const ParameterDescriptor&, bool)\x1b[m\x1b[K\xe2\x80\x99\n'}
[6.646356] (ydlidar_ros2_driver) StderrLine: {'line': b'  391 |   \x1b[01;36m\x1b[Kdeclare_parameter\x1b[m\x1b[K(\n'}
[6.646389] (ydlidar_ros2_driver) StderrLine: {'line': b'      |   \x1b[01;36m\x1b[K^~~~~~~~~~~~~~~~~\x1b[m\x1b[K\n'}
[6.646420] (ydlidar_ros2_driver) StderrLine: {'line': b'\x1b[01m\x1b[K/opt/ros/humble/include/rclcpp/rclcpp/node.hpp:391:3:\x1b[m\x1b[K \x1b[01;36m\x1b[Knote: \x1b[m\x1b[K  candidate expects 4 arguments, 1 provided\n'}
[6.726354] (-) TimerEvent: {}
[6.826866] (-) TimerEvent: {}
[6.927405] (-) TimerEvent: {}
[7.027807] (-) TimerEvent: {}
[7.128249] (-) TimerEvent: {}
[7.228708] (-) TimerEvent: {}
[7.329147] (-) TimerEvent: {}
[7.429605] (-) TimerEvent: {}
[7.483661] (ydlidar_ros2_driver) StderrLine: {'line': b'gmake[2]: *** [CMakeFiles/ydlidar_ros2_driver_node.dir/build.make:76: CMakeFiles/ydlidar_ros2_driver_node.dir/src/ydlidar_ros2_driver_node.cpp.o] Error 1\n'}
[7.484061] (ydlidar_ros2_driver) StderrLine: {'line': b'gmake[1]: *** [CMakeFiles/Makefile2:139: CMakeFiles/ydlidar_ros2_driver_node.dir/all] Error 2\n'}
[7.484280] (ydlidar_ros2_driver) StderrLine: {'line': b'gmake: *** [Makefile:146: all] Error 2\n'}
[7.487711] (ydlidar_ros2_driver) CommandEnded: {'returncode': 2}
[7.502835] (ydlidar_ros2_driver) JobEnded: {'identifier': 'ydlidar_ros2_driver', 'rc': 2}
[7.504534] (-) EventReactorShutdown: {}
