[0.010s] Invoking command in '/home/baehh/ros2_ws/build/ydlidar_ros2_driver': CMAKE_PREFIX_PATH=${CMAKE_PREFIX_PATH}:/home/baehh/ros2_ws/install/py_pubsub:/opt/ros/humble /usr/bin/cmake /home/baehh/ros2_ws/src/ydlidar_ros2_driver -DCMAKE_INSTALL_PREFIX=/home/baehh/ros2_ws/install/ydlidar_ros2_driver
[0.107s] -- The C compiler identification is GNU 11.4.0
[0.452s] -- The CXX compiler identification is GNU 11.4.0
[0.738s] -- Detecting C compiler ABI info
[0.921s] -- Detecting C compiler ABI info - done
[0.928s] -- Check for working C compiler: /usr/bin/cc - skipped
[0.928s] -- Detecting C compile features
[0.928s] -- Detecting C compile features - done
[0.930s] -- Detecting CXX compiler ABI info
[1.122s] -- Detecting CXX compiler ABI info - done
[1.128s] -- Check for working CXX compiler: /usr/bin/c++ - skipped
[1.128s] -- Detecting CXX compile features
[1.128s] -- Detecting CXX compile features - done
[1.143s] -- Found ament_cmake: 1.3.12 (/opt/ros/humble/share/ament_cmake/cmake)
[1.268s] -- Found Python3: /usr/bin/python3 (found version "3.10.12") found components: Interpreter 
[1.337s] -- Found rclcpp: 16.0.15 (/opt/ros/humble/share/rclcpp/cmake)
[1.466s] -- Found rosidl_generator_c: 3.1.7 (/opt/ros/humble/share/rosidl_generator_c/cmake)
[1.470s] -- Found rosidl_adapter: 3.1.7 (/opt/ros/humble/share/rosidl_adapter/cmake)
[1.476s] -- Found rosidl_generator_cpp: 3.1.7 (/opt/ros/humble/share/rosidl_generator_cpp/cmake)
[1.485s] -- Using all available rosidl_typesupport_c: rosidl_typesupport_fastrtps_c;rosidl_typesupport_introspection_c
[1.498s] -- Using all available rosidl_typesupport_cpp: rosidl_typesupport_fastrtps_cpp;rosidl_typesupport_introspection_cpp
[1.532s] -- Found rmw_implementation_cmake: 6.1.2 (/opt/ros/humble/share/rmw_implementation_cmake/cmake)
[1.535s] -- Found rmw_fastrtps_cpp: 6.2.9 (/opt/ros/humble/share/rmw_fastrtps_cpp/cmake)
[2.254s] -- Found OpenSSL: /usr/lib/x86_64-linux-gnu/libcrypto.so (found version "3.0.2")  
[2.794s] -- Found FastRTPS: /opt/ros/humble/include  
[3.826s] -- Using RMW implementation 'rmw_fastrtps_cpp' as default
[3.832s] -- Looking for pthread.h
[3.927s] -- Looking for pthread.h - found
[3.928s] -- Performing Test CMAKE_HAVE_LIBC_PTHREAD
[4.025s] -- Performing Test CMAKE_HAVE_LIBC_PTHREAD - Success
[4.026s] -- Found Threads: TRUE  
[4.062s] -- Found sensor_msgs: 4.9.0 (/opt/ros/humble/share/sensor_msgs/cmake)
[4.085s] -- Found visualization_msgs: 4.9.0 (/opt/ros/humble/share/visualization_msgs/cmake)
[4.103s] -- Found std_srvs: 4.9.0 (/opt/ros/humble/share/std_srvs/cmake)
[4.126s] -- Found ament_lint_auto: 0.12.14 (/opt/ros/humble/share/ament_lint_auto/cmake)
[4.188s] -- Added test 'copyright' to check source files copyright and LICENSE
[4.190s] -- Added test 'cppcheck' to perform static code analysis on C / C++ code
[4.190s] -- Configured cppcheck include dirs: /home/baehh/ros2_ws/src/ydlidar_ros2_driver/src
[4.191s] -- Configured cppcheck exclude dirs and/or files: 
[4.193s] -- Added test 'cpplint' to check C / C++ code against the Google style
[4.193s] -- Configured cpplint exclude dirs and/or files: 
[4.193s] -- Added test 'flake8' to check Python code syntax and style conventions
[4.194s] -- Added test 'lint_cmake' to check CMake code style
[4.195s] -- Added test 'pep257' to check Python code against some of the docstring style conventions in PEP 257
[4.197s] -- Added test 'uncrustify' to check C / C++ code style
[4.197s] -- Configured uncrustify additional arguments: 
[4.197s] -- Added test 'xmllint' to check XML markup files
[4.198s] -- Configuring done
[4.210s] -- Generating done
[4.215s] -- Build files have been written to: /home/baehh/ros2_ws/build/ydlidar_ros2_driver
[4.227s] Invoked command in '/home/baehh/ros2_ws/build/ydlidar_ros2_driver' returned '0': CMAKE_PREFIX_PATH=${CMAKE_PREFIX_PATH}:/home/baehh/ros2_ws/install/py_pubsub:/opt/ros/humble /usr/bin/cmake /home/baehh/ros2_ws/src/ydlidar_ros2_driver -DCMAKE_INSTALL_PREFIX=/home/baehh/ros2_ws/install/ydlidar_ros2_driver
[4.229s] Invoking command in '/home/baehh/ros2_ws/build/ydlidar_ros2_driver': CMAKE_PREFIX_PATH=${CMAKE_PREFIX_PATH}:/home/baehh/ros2_ws/install/py_pubsub:/opt/ros/humble /usr/bin/cmake --build /home/baehh/ros2_ws/build/ydlidar_ros2_driver -- -j8 -l8
[4.262s] [35m[1mConsolidate compiler generated dependencies of target ydlidar_ros2_driver_client[0m
[4.263s] [35m[1mConsolidate compiler generated dependencies of target ydlidar_ros2_driver_node[0m
[4.277s] [ 50%] [32mBuilding CXX object CMakeFiles/ydlidar_ros2_driver_client.dir/src/ydlidar_ros2_driver_client.cpp.o[0m
[4.278s] [ 50%] [32mBuilding CXX object CMakeFiles/ydlidar_ros2_driver_node.dir/src/ydlidar_ros2_driver_node.cpp.o[0m
[4.663s] In file included from [01m[K/home/baehh/ros2_ws/install/ydlidar_sdk/include/core/base/v8stdint.h:142[m[K,
[4.663s]                  from [01m[K/home/baehh/ros2_ws/install/ydlidar_sdk/include/core/common/DriverInterface.h:4[m[K,
[4.663s]                  from [01m[K/home/baehh/ros2_ws/install/ydlidar_sdk/include/src/CYdLidar.h:48[m[K,
[4.663s]                  from [01m[K/home/baehh/ros2_ws/src/ydlidar_ros2_driver/src/ydlidar_ros2_driver_node.cpp:16[m[K:
[4.663s] [01m[K/home/baehh/ros2_ws/install/ydlidar_sdk/include/core/base/ydlidar.h:[m[K In function â€˜[01m[Kbool ydlidar::core::base::fileExists(const string&)[m[Kâ€™:
[4.663s] [01m[K/home/baehh/ros2_ws/install/ydlidar_sdk/include/core/base/ydlidar.h:183:24:[m[K [01;35m[Kwarning: [m[Kmissing initializer for member â€˜[01m[Kstat::st_ino[m[Kâ€™ [[01;35m[K]8;;https://gcc.gnu.org/onlinedocs/gcc/Warning-Options.html#index-Wmissing-field-initializers-Wmissing-field-initializers]8;;[m[K]
[4.663s]   183 |   struct stat info = {0[01;35m[K}[m[K;
[4.663s]       |                        [01;35m[K^[m[K
[4.663s] [01m[K/home/baehh/ros2_ws/install/ydlidar_sdk/include/core/base/ydlidar.h:183:24:[m[K [01;35m[Kwarning: [m[Kmissing initializer for member â€˜[01m[Kstat::st_nlink[m[Kâ€™ [[01;35m[K]8;;https://gcc.gnu.org/onlinedocs/gcc/Warning-Options.html#index-Wmissing-field-initializers-Wmissing-field-initializers]8;;[m[K]
[4.663s] [01m[K/home/baehh/ros2_ws/install/ydlidar_sdk/include/core/base/ydlidar.h:183:24:[m[K [01;35m[Kwarning: [m[Kmissing initializer for member â€˜[01m[Kstat::st_mode[m[Kâ€™ [[01;35m[K]8;;https://gcc.gnu.org/onlinedocs/gcc/Warning-Options.html#index-Wmissing-field-initializers-Wmissing-field-initializers]8;;[m[K]
[4.663s] [01m[K/home/baehh/ros2_ws/install/ydlidar_sdk/include/core/base/ydlidar.h:183:24:[m[K [01;35m[Kwarning: [m[Kmissing initializer for member â€˜[01m[Kstat::st_uid[m[Kâ€™ [[01;35m[K]8;;https://gcc.gnu.org/onlinedocs/gcc/Warning-Options.html#index-Wmissing-field-initializers-Wmissing-field-initializers]8;;[m[K]
[4.664s] [01m[K/home/baehh/ros2_ws/install/ydlidar_sdk/include/core/base/ydlidar.h:183:24:[m[K [01;35m[Kwarning: [m[Kmissing initializer for member â€˜[01m[Kstat::st_gid[m[Kâ€™ [[01;35m[K]8;;https://gcc.gnu.org/onlinedocs/gcc/Warning-Options.html#index-Wmissing-field-initializers-Wmissing-field-initializers]8;;[m[K]
[4.664s] [01m[K/home/baehh/ros2_ws/install/ydlidar_sdk/include/core/base/ydlidar.h:183:24:[m[K [01;35m[Kwarning: [m[Kmissing initializer for member â€˜[01m[Kstat::__pad0[m[Kâ€™ [[01;35m[K]8;;https://gcc.gnu.org/onlinedocs/gcc/Warning-Options.html#index-Wmissing-field-initializers-Wmissing-field-initializers]8;;[m[K]
[4.664s] [01m[K/home/baehh/ros2_ws/install/ydlidar_sdk/include/core/base/ydlidar.h:183:24:[m[K [01;35m[Kwarning: [m[Kmissing initializer for member â€˜[01m[Kstat::st_rdev[m[Kâ€™ [[01;35m[K]8;;https://gcc.gnu.org/onlinedocs/gcc/Warning-Options.html#index-Wmissing-field-initializers-Wmissing-field-initializers]8;;[m[K]
[4.664s] [01m[K/home/baehh/ros2_ws/install/ydlidar_sdk/include/core/base/ydlidar.h:183:24:[m[K [01;35m[Kwarning: [m[Kmissing initializer for member â€˜[01m[Kstat::st_size[m[Kâ€™ [[01;35m[K]8;;https://gcc.gnu.org/onlinedocs/gcc/Warning-Options.html#index-Wmissing-field-initializers-Wmissing-field-initializers]8;;[m[K]
[4.664s] [01m[K/home/baehh/ros2_ws/install/ydlidar_sdk/include/core/base/ydlidar.h:183:24:[m[K [01;35m[Kwarning: [m[Kmissing initializer for member â€˜[01m[Kstat::st_blksize[m[Kâ€™ [[01;35m[K]8;;https://gcc.gnu.org/onlinedocs/gcc/Warning-Options.html#index-Wmissing-field-initializers-Wmissing-field-initializers]8;;[m[K]
[4.664s] [01m[K/home/baehh/ros2_ws/install/ydlidar_sdk/include/core/base/ydlidar.h:183:24:[m[K [01;35m[Kwarning: [m[Kmissing initializer for member â€˜[01m[Kstat::st_blocks[m[Kâ€™ [[01;35m[K]8;;https://gcc.gnu.org/onlinedocs/gcc/Warning-Options.html#index-Wmissing-field-initializers-Wmissing-field-initializers]8;;[m[K]
[4.664s] [01m[K/home/baehh/ros2_ws/install/ydlidar_sdk/include/core/base/ydlidar.h:183:24:[m[K [01;35m[Kwarning: [m[Kmissing initializer for member â€˜[01m[Kstat::st_atim[m[Kâ€™ [[01;35m[K]8;;https://gcc.gnu.org/onlinedocs/gcc/Warning-Options.html#index-Wmissing-field-initializers-Wmissing-field-initializers]8;;[m[K]
[4.664s] [01m[K/home/baehh/ros2_ws/install/ydlidar_sdk/include/core/base/ydlidar.h:183:24:[m[K [01;35m[Kwarning: [m[Kmissing initializer for member â€˜[01m[Kstat::st_mtim[m[Kâ€™ [[01;35m[K]8;;https://gcc.gnu.org/onlinedocs/gcc/Warning-Options.html#index-Wmissing-field-initializers-Wmissing-field-initializers]8;;[m[K]
[4.664s] [01m[K/home/baehh/ros2_ws/install/ydlidar_sdk/include/core/base/ydlidar.h:183:24:[m[K [01;35m[Kwarning: [m[Kmissing initializer for member â€˜[01m[Kstat::st_ctim[m[Kâ€™ [[01;35m[K]8;;https://gcc.gnu.org/onlinedocs/gcc/Warning-Options.html#index-Wmissing-field-initializers-Wmissing-field-initializers]8;;[m[K]
[4.664s] [01m[K/home/baehh/ros2_ws/install/ydlidar_sdk/include/core/base/ydlidar.h:183:24:[m[K [01;35m[Kwarning: [m[Kmissing initializer for member â€˜[01m[Kstat::__glibc_reserved[m[Kâ€™ [[01;35m[K]8;;https://gcc.gnu.org/onlinedocs/gcc/Warning-Options.html#index-Wmissing-field-initializers-Wmissing-field-initializers]8;;[m[K]
[4.664s] In file included from [01m[K/home/baehh/ros2_ws/install/ydlidar_sdk/include/core/common/DriverInterface.h:5[m[K,
[4.664s]                  from [01m[K/home/baehh/ros2_ws/install/ydlidar_sdk/include/src/CYdLidar.h:48[m[K,
[4.665s]                  from [01m[K/home/baehh/ros2_ws/src/ydlidar_ros2_driver/src/ydlidar_ros2_driver_node.cpp:16[m[K:
[4.665s] [01m[K/home/baehh/ros2_ws/install/ydlidar_sdk/include/core/base/thread.h:[m[K In static member function â€˜[01m[Kstatic ydlidar::core::base::Thread ydlidar::core::base::Thread::createThread(thread_proc_t, void*)[m[Kâ€™:
[4.665s] [01m[K/home/baehh/ros2_ws/install/ydlidar_sdk/include/core/base/thread.h:54:42:[m[K [01;35m[Kwarning: [m[Kcast between incompatible function types from â€˜[01m[Kthread_proc_t[m[Kâ€™ {aka â€˜[01m[Klong unsigned int (*)(void*)[m[Kâ€™} to â€˜[01m[Kvoid* (*)(void*)[m[Kâ€™ [[01;35m[K]8;;https://gcc.gnu.org/onlinedocs/gcc/Warning-Options.html#index-Wcast-function-type-Wcast-function-type]8;;[m[K]
[4.665s]    54 |                                    NULL, [01;35m[K(void *(*)(void *))proc[m[K,
[4.665s]       |                                          [01;35m[K^~~~~~~~~~~~~~~~~~~~~~~[m[K
[4.666s] [01m[K/home/baehh/ros2_ws/install/ydlidar_sdk/include/core/base/thread.h:[m[K In member function â€˜[01m[Kint ydlidar::core::base::Thread::join(long unsigned int)[m[Kâ€™:
[4.666s] [01m[K/home/baehh/ros2_ws/install/ydlidar_sdk/include/core/base/thread.h:135:46:[m[K [01;35m[Kwarning: [m[Kformat â€˜[01m[K%X[m[Kâ€™ expects argument of type â€˜[01m[Kunsigned int[m[Kâ€™, but argument 2 has type â€˜[01m[K_size_t[m[Kâ€™ {aka â€˜[01m[Klong unsigned int[m[Kâ€™} [[01;35m[K]8;;https://gcc.gnu.org/onlinedocs/gcc/Warning-Options.html#index-Wformat=-Wformat=]8;;[m[K]
[4.666s]   135 |           printf("[YDLIDAR DEBUG] Thread [0x[01;35m[K%X[m[K] ready to cancel[%d]\n", [32m[K_handle[m[K, s);
[4.666s]       |                                             [01;35m[K~^[m[K                          [32m[K~~~~~~~[m[K
[4.666s]       |                                              [01;35m[K|[m[K                          [32m[K|[m[K
[4.666s]       |                                              [01;35m[Kunsigned int[m[K               [32m[K_size_t {aka long unsigned int}[m[K
[4.667s]       |                                             [32m[K%lX[m[K
[4.667s] [01m[K/home/baehh/ros2_ws/install/ydlidar_sdk/include/core/base/thread.h:137:46:[m[K [01;35m[Kwarning: [m[Kformat â€˜[01m[K%X[m[Kâ€™ expects argument of type â€˜[01m[Kunsigned int[m[Kâ€™, but argument 2 has type â€˜[01m[K_size_t[m[Kâ€™ {aka â€˜[01m[Klong unsigned int[m[Kâ€™} [[01;35m[K]8;;https://gcc.gnu.org/onlinedocs/gcc/Warning-Options.html#index-Wformat=-Wformat=]8;;[m[K]
[4.667s]   137 |           printf("[YDLIDAR DEBUG] Thread [0x[01;35m[K%X[m[K] ready to cancel[%d] time[%u]\n",
[4.667s]       |                                             [01;35m[K~^[m[K
[4.667s]       |                                              [01;35m[K|[m[K
[4.667s]       |                                              [01;35m[Kunsigned int[m[K
[4.667s]       |                                             [32m[K%lX[m[K
[4.667s]   138 |             [32m[K_handle[m[K, s, getms() - t);
[4.667s]       |             [32m[K~~~~~~~[m[K                           
[4.667s]       |             [32m[K|[m[K
[4.667s]       |             [32m[K_size_t {aka long unsigned int}[m[K
[4.667s] [01m[K/home/baehh/ros2_ws/install/ydlidar_sdk/include/core/base/thread.h:141:42:[m[K [01;35m[Kwarning: [m[Kformat â€˜[01m[K%X[m[Kâ€™ expects argument of type â€˜[01m[Kunsigned int[m[Kâ€™, but argument 2 has type â€˜[01m[K_size_t[m[Kâ€™ {aka â€˜[01m[Klong unsigned int[m[Kâ€™} [[01;35m[K]8;;https://gcc.gnu.org/onlinedocs/gcc/Warning-Options.html#index-Wformat=-Wformat=]8;;[m[K]
[4.667s]   141 |             printf("[YDLIDAR] Thread [0x[01;35m[K%X[m[K] has been canceled in other thread\n", [32m[K_handle[m[K);
[4.667s]       |                                         [01;35m[K~^[m[K                                        [32m[K~~~~~~~[m[K
[4.667s]       |                                          [01;35m[K|[m[K                                        [32m[K|[m[K
[4.667s]       |                                          [01;35m[Kunsigned int[m[K                             [32m[K_size_t {aka long unsigned int}[m[K
[4.667s]       |                                         [32m[K%lX[m[K
[4.668s] [01m[K/home/baehh/ros2_ws/install/ydlidar_sdk/include/core/base/thread.h:146:74:[m[K [01;35m[Kwarning: [m[Kformat â€˜[01m[K%X[m[Kâ€™ expects argument of type â€˜[01m[Kunsigned int[m[Kâ€™, but argument 3 has type â€˜[01m[K_size_t[m[Kâ€™ {aka â€˜[01m[Klong unsigned int[m[Kâ€™} [[01;35m[K]8;;https://gcc.gnu.org/onlinedocs/gcc/Warning-Options.html#index-Wformat=-Wformat=]8;;[m[K]
[4.668s]   146 |             fprintf(stderr, "[YDLIDAR] An error occurred while thread[0x[01;35m[K%X[m[K] cancelled!\n", [32m[K_handle[m[K);
[4.668s]       |                                                                         [01;35m[K~^[m[K                 [32m[K~~~~~~~[m[K
[4.668s]       |                                                                          [01;35m[K|[m[K                 [32m[K|[m[K
[4.668s]       |                                                                          [01;35m[Kunsigned int[m[K      [32m[K_size_t {aka long unsigned int}[m[K
[4.668s]       |                                                                         [32m[K%lX[m[K
[4.668s] [01m[K/home/baehh/ros2_ws/install/ydlidar_sdk/include/core/base/thread.h:150:40:[m[K [01;35m[Kwarning: [m[Kformat â€˜[01m[K%X[m[Kâ€™ expects argument of type â€˜[01m[Kunsigned int[m[Kâ€™, but argument 2 has type â€˜[01m[K_size_t[m[Kâ€™ {aka â€˜[01m[Klong unsigned int[m[Kâ€™} [[01;35m[K]8;;https://gcc.gnu.org/onlinedocs/gcc/Warning-Options.html#index-Wformat=-Wformat=]8;;[m[K]
[4.668s]   150 |           printf("[YDLIDAR] Thread [0x[01;35m[K%X[m[K] has been canceled\n", [32m[K_handle[m[K);
[4.668s]       |                                       [01;35m[K~^[m[K                        [32m[K~~~~~~~[m[K
[4.668s]       |                                        [01;35m[K|[m[K                        [32m[K|[m[K
[4.668s]       |                                        [01;35m[Kunsigned int[m[K             [32m[K_size_t {aka long unsigned int}[m[K
[4.668s]       |                                       [32m[K%lX[m[K
[4.761s] In file included from [01m[K/home/baehh/ros2_ws/install/ydlidar_sdk/include/core/common/DriverInterface.h:8[m[K,
[4.761s]                  from [01m[K/home/baehh/ros2_ws/install/ydlidar_sdk/include/src/CYdLidar.h:48[m[K,
[4.761s]                  from [01m[K/home/baehh/ros2_ws/src/ydlidar_ros2_driver/src/ydlidar_ros2_driver_node.cpp:16[m[K:
[4.761s] [01m[K/home/baehh/ros2_ws/install/ydlidar_sdk/include/core/common/ydlidar_protocol.h:[m[K At global scope:
[4.761s] [01m[K/home/baehh/ros2_ws/install/ydlidar_sdk/include/core/common/ydlidar_protocol.h:291:22:[m[K [01;35m[Kwarning: [m[Kmissing initializer for member â€˜[01m[Kdevice_info::firmware_version[m[Kâ€™ [[01;35m[K]8;;https://gcc.gnu.org/onlinedocs/gcc/Warning-Options.html#index-Wmissing-field-initializers-Wmissing-field-initializers]8;;[m[K]
[4.761s]   291 |   device_info di = {0[01;35m[K}[m[K;
[4.761s]       |                      [01;35m[K^[m[K
[4.762s] [01m[K/home/baehh/ros2_ws/install/ydlidar_sdk/include/core/common/ydlidar_protocol.h:291:22:[m[K [01;35m[Kwarning: [m[Kmissing initializer for member â€˜[01m[Kdevice_info::hardware_version[m[Kâ€™ [[01;35m[K]8;;https://gcc.gnu.org/onlinedocs/gcc/Warning-Options.html#index-Wmissing-field-initializers-Wmissing-field-initializers]8;;[m[K]
[4.762s] [01m[K/home/baehh/ros2_ws/install/ydlidar_sdk/include/core/common/ydlidar_protocol.h:291:22:[m[K [01;35m[Kwarning: [m[Kmissing initializer for member â€˜[01m[Kdevice_info::serialnum[m[Kâ€™ [[01;35m[K]8;;https://gcc.gnu.org/onlinedocs/gcc/Warning-Options.html#index-Wmissing-field-initializers-Wmissing-field-initializers]8;;[m[K]
[4.769s] In file included from [01m[K/home/baehh/ros2_ws/install/ydlidar_sdk/include/src/CYdLidar.h:48[m[K,
[4.770s]                  from [01m[K/home/baehh/ros2_ws/src/ydlidar_ros2_driver/src/ydlidar_ros2_driver_node.cpp:16[m[K:
[4.770s] [01m[K/home/baehh/ros2_ws/install/ydlidar_sdk/include/core/common/DriverInterface.h:[m[K In member function â€˜[01m[Kvirtual bool ydlidar::core::common::DriverInterface::getDeviceInfoEx(device_info&, int)[m[Kâ€™:
[4.770s] [01m[K/home/baehh/ros2_ws/install/ydlidar_sdk/include/core/common/DriverInterface.h:285:59:[m[K [01;35m[Kwarning: [m[Kunused parameter â€˜[01m[Ktype[m[Kâ€™ [[01;35m[K]8;;https://gcc.gnu.org/onlinedocs/gcc/Warning-Options.html#index-Wunused-parameter-Wunused-parameter]8;;[m[K]
[4.770s]   285 |         virtual bool getDeviceInfoEx(device_info &di, [01;35m[Kint type=EPT_Module[m[K)
[4.770s]       |                                                       [01;35m[K~~~~^~~~~~~~~~~~~~~[m[K
[4.770s] [01m[K/home/baehh/ros2_ws/install/ydlidar_sdk/include/core/common/DriverInterface.h:[m[K In member function â€˜[01m[Kvirtual result_t ydlidar::core::common::DriverInterface::getScanFrequency(scan_frequency&, uint32_t)[m[Kâ€™:
[4.771s] [01m[K/home/baehh/ros2_ws/install/ydlidar_sdk/include/core/common/DriverInterface.h:340:59:[m[K [01;35m[Kwarning: [m[Kunused parameter â€˜[01m[Kfrequency[m[Kâ€™ [[01;35m[K]8;;https://gcc.gnu.org/onlinedocs/gcc/Warning-Options.html#index-Wunused-parameter-Wunused-parameter]8;;[m[K]
[4.771s]   340 |         virtual result_t getScanFrequency([01;35m[Kscan_frequency &frequency[m[K,
[4.771s]       |                                           [01;35m[K~~~~~~~~~~~~~~~~^~~~~~~~~[m[K
[4.771s] [01m[K/home/baehh/ros2_ws/install/ydlidar_sdk/include/core/common/DriverInterface.h:341:52:[m[K [01;35m[Kwarning: [m[Kunused parameter â€˜[01m[Ktimeout[m[Kâ€™ [[01;35m[K]8;;https://gcc.gnu.org/onlinedocs/gcc/Warning-Options.html#index-Wunused-parameter-Wunused-parameter]8;;[m[K]
[4.771s]   341 |                                           [01;35m[Kuint32_t timeout = DEFAULT_TIMEOUT[m[K)
[4.772s]       |                                           [01;35m[K~~~~~~~~~^~~~~~~~~~~~~~~~~~~~~~~~~[m[K
[4.772s] [01m[K/home/baehh/ros2_ws/install/ydlidar_sdk/include/core/common/DriverInterface.h:[m[K In member function â€˜[01m[Kvirtual result_t ydlidar::core::common::DriverInterface::setScanFrequencyAdd(scan_frequency&, uint32_t)[m[Kâ€™:
[4.772s] [01m[K/home/baehh/ros2_ws/install/ydlidar_sdk/include/core/common/DriverInterface.h:355:62:[m[K [01;35m[Kwarning: [m[Kunused parameter â€˜[01m[Kfrequency[m[Kâ€™ [[01;35m[K]8;;https://gcc.gnu.org/onlinedocs/gcc/Warning-Options.html#index-Wunused-parameter-Wunused-parameter]8;;[m[K]
[4.772s]   355 |         virtual result_t setScanFrequencyAdd([01;35m[Kscan_frequency &frequency[m[K,
[4.772s]       |                                              [01;35m[K~~~~~~~~~~~~~~~~^~~~~~~~~[m[K
[4.772s] [01m[K/home/baehh/ros2_ws/install/ydlidar_sdk/include/core/common/DriverInterface.h:356:55:[m[K [01;35m[Kwarning: [m[Kunused parameter â€˜[01m[Ktimeout[m[Kâ€™ [[01;35m[K]8;;https://gcc.gnu.org/onlinedocs/gcc/Warning-Options.html#index-Wunused-parameter-Wunused-parameter]8;;[m[K]
[4.772s]   356 |                                              [01;35m[Kuint32_t timeout = DEFAULT_TIMEOUT[m[K)
[4.772s]       |                                              [01;35m[K~~~~~~~~~^~~~~~~~~~~~~~~~~~~~~~~~~[m[K
[4.772s] [01m[K/home/baehh/ros2_ws/install/ydlidar_sdk/include/core/common/DriverInterface.h:[m[K In member function â€˜[01m[Kvirtual result_t ydlidar::core::common::DriverInterface::setScanFrequencyDis(scan_frequency&, uint32_t)[m[Kâ€™:
[4.772s] [01m[K/home/baehh/ros2_ws/install/ydlidar_sdk/include/core/common/DriverInterface.h:370:62:[m[K [01;35m[Kwarning: [m[Kunused parameter â€˜[01m[Kfrequency[m[Kâ€™ [[01;35m[K]8;;https://gcc.gnu.org/onlinedocs/gcc/Warning-Options.html#index-Wunused-parameter-Wunused-parameter]8;;[m[K]
[4.772s]   370 |         virtual result_t setScanFrequencyDis([01;35m[Kscan_frequency &frequency[m[K,
[4.772s]       |                                              [01;35m[K~~~~~~~~~~~~~~~~^~~~~~~~~[m[K
[4.773s] [01m[K/home/baehh/ros2_ws/install/ydlidar_sdk/include/core/common/DriverInterface.h:371:55:[m[K [01;35m[Kwarning: [m[Kunused parameter â€˜[01m[Ktimeout[m[Kâ€™ [[01;35m[K]8;;https://gcc.gnu.org/onlinedocs/gcc/Warning-Options.html#index-Wunused-parameter-Wunused-parameter]8;;[m[K]
[4.773s]   371 |                                              [01;35m[Kuint32_t timeout = DEFAULT_TIMEOUT[m[K)
[4.773s]       |                                              [01;35m[K~~~~~~~~~^~~~~~~~~~~~~~~~~~~~~~~~~[m[K
[4.773s] [01m[K/home/baehh/ros2_ws/install/ydlidar_sdk/include/core/common/DriverInterface.h:[m[K In member function â€˜[01m[Kvirtual result_t ydlidar::core::common::DriverInterface::setScanFrequencyAddMic(scan_frequency&, uint32_t)[m[Kâ€™:
[4.773s] [01m[K/home/baehh/ros2_ws/install/ydlidar_sdk/include/core/common/DriverInterface.h:385:65:[m[K [01;35m[Kwarning: [m[Kunused parameter â€˜[01m[Kfrequency[m[Kâ€™ [[01;35m[K]8;;https://gcc.gnu.org/onlinedocs/gcc/Warning-Options.html#index-Wunused-parameter-Wunused-parameter]8;;[m[K]
[4.773s]   385 |         virtual result_t setScanFrequencyAddMic([01;35m[Kscan_frequency &frequency[m[K,
[4.773s]       |                                                 [01;35m[K~~~~~~~~~~~~~~~~^~~~~~~~~[m[K
[4.773s] [01m[K/home/baehh/ros2_ws/install/ydlidar_sdk/include/core/common/DriverInterface.h:386:58:[m[K [01;35m[Kwarning: [m[Kunused parameter â€˜[01m[Ktimeout[m[Kâ€™ [[01;35m[K]8;;https://gcc.gnu.org/onlinedocs/gcc/Warning-Options.html#index-Wunused-parameter-Wunused-parameter]8;;[m[K]
[4.773s]   386 |                                                 [01;35m[Kuint32_t timeout = DEFAULT_TIMEOUT[m[K)
[4.773s]       |                                                 [01;35m[K~~~~~~~~~^~~~~~~~~~~~~~~~~~~~~~~~~[m[K
[4.773s] [01m[K/home/baehh/ros2_ws/install/ydlidar_sdk/include/core/common/DriverInterface.h:[m[K In member function â€˜[01m[Kvirtual result_t ydlidar::core::common::DriverInterface::setScanFrequencyDisMic(scan_frequency&, uint32_t)[m[Kâ€™:
[4.773s] [01m[K/home/baehh/ros2_ws/install/ydlidar_sdk/include/core/common/DriverInterface.h:400:65:[m[K [01;35m[Kwarning: [m[Kunused parameter â€˜[01m[Kfrequency[m[Kâ€™ [[01;35m[K]8;;https://gcc.gnu.org/onlinedocs/gcc/Warning-Options.html#index-Wunused-parameter-Wunused-parameter]8;;[m[K]
[4.773s]   400 |         virtual result_t setScanFrequencyDisMic([01;35m[Kscan_frequency &frequency[m[K,
[4.773s]       |                                                 [01;35m[K~~~~~~~~~~~~~~~~^~~~~~~~~[m[K
[4.773s] [01m[K/home/baehh/ros2_ws/install/ydlidar_sdk/include/core/common/DriverInterface.h:401:58:[m[K [01;35m[Kwarning: [m[Kunused parameter â€˜[01m[Ktimeout[m[Kâ€™ [[01;35m[K]8;;https://gcc.gnu.org/onlinedocs/gcc/Warning-Options.html#index-Wunused-parameter-Wunused-parameter]8;;[m[K]
[4.773s]   401 |                                                 [01;35m[Kuint32_t timeout = DEFAULT_TIMEOUT[m[K)
[4.774s]       |                                                 [01;35m[K~~~~~~~~~^~~~~~~~~~~~~~~~~~~~~~~~~[m[K
[4.774s] [01m[K/home/baehh/ros2_ws/install/ydlidar_sdk/include/core/common/DriverInterface.h:[m[K In member function â€˜[01m[Kvirtual result_t ydlidar::core::common::DriverInterface::getSamplingRate(sampling_rate&, uint32_t)[m[Kâ€™:
[4.774s] [01m[K/home/baehh/ros2_ws/install/ydlidar_sdk/include/core/common/DriverInterface.h:415:57:[m[K [01;35m[Kwarning: [m[Kunused parameter â€˜[01m[Krate[m[Kâ€™ [[01;35m[K]8;;https://gcc.gnu.org/onlinedocs/gcc/Warning-Options.html#index-Wunused-parameter-Wunused-parameter]8;;[m[K]
[4.774s]   415 |         virtual result_t getSamplingRate([01;35m[Ksampling_rate &rate[m[K,
[4.774s]       |                                          [01;35m[K~~~~~~~~~~~~~~~^~~~[m[K
[4.774s] [01m[K/home/baehh/ros2_ws/install/ydlidar_sdk/include/core/common/DriverInterface.h:416:51:[m[K [01;35m[Kwarning: [m[Kunused parameter â€˜[01m[Ktimeout[m[Kâ€™ [[01;35m[K]8;;https://gcc.gnu.org/onlinedocs/gcc/Warning-Options.html#index-Wunused-parameter-Wunused-parameter]8;;[m[K]
[4.774s]   416 |                                          [01;35m[Kuint32_t timeout = DEFAULT_TIMEOUT[m[K)
[4.774s]       |                                          [01;35m[K~~~~~~~~~^~~~~~~~~~~~~~~~~~~~~~~~~[m[K
[4.774s] [01m[K/home/baehh/ros2_ws/install/ydlidar_sdk/include/core/common/DriverInterface.h:[m[K In member function â€˜[01m[Kvirtual result_t ydlidar::core::common::DriverInterface::setSamplingRate(sampling_rate&, uint32_t)[m[Kâ€™:
[4.774s] [01m[K/home/baehh/ros2_ws/install/ydlidar_sdk/include/core/common/DriverInterface.h:430:57:[m[K [01;35m[Kwarning: [m[Kunused parameter â€˜[01m[Krate[m[Kâ€™ [[01;35m[K]8;;https://gcc.gnu.org/onlinedocs/gcc/Warning-Options.html#index-Wunused-parameter-Wunused-parameter]8;;[m[K]
[4.774s]   430 |         virtual result_t setSamplingRate([01;35m[Ksampling_rate &rate[m[K,
[4.774s]       |                                          [01;35m[K~~~~~~~~~~~~~~~^~~~[m[K
[4.774s] [01m[K/home/baehh/ros2_ws/install/ydlidar_sdk/include/core/common/DriverInterface.h:431:51:[m[K [01;35m[Kwarning: [m[Kunused parameter â€˜[01m[Ktimeout[m[Kâ€™ [[01;35m[K]8;;https://gcc.gnu.org/onlinedocs/gcc/Warning-Options.html#index-Wunused-parameter-Wunused-parameter]8;;[m[K]
[4.774s]   431 |                                          [01;35m[Kuint32_t timeout = DEFAULT_TIMEOUT[m[K)
[4.774s]       |                                          [01;35m[K~~~~~~~~~^~~~~~~~~~~~~~~~~~~~~~~~~[m[K
[4.774s] [01m[K/home/baehh/ros2_ws/install/ydlidar_sdk/include/core/common/DriverInterface.h:[m[K In member function â€˜[01m[Kvirtual result_t ydlidar::core::common::DriverInterface::getZeroOffsetAngle(offset_angle&, uint32_t)[m[Kâ€™:
[4.774s] [01m[K/home/baehh/ros2_ws/install/ydlidar_sdk/include/core/common/DriverInterface.h:445:59:[m[K [01;35m[Kwarning: [m[Kunused parameter â€˜[01m[Kangle[m[Kâ€™ [[01;35m[K]8;;https://gcc.gnu.org/onlinedocs/gcc/Warning-Options.html#index-Wunused-parameter-Wunused-parameter]8;;[m[K]
[4.775s]   445 |         virtual result_t getZeroOffsetAngle([01;35m[Koffset_angle &angle[m[K,
[4.775s]       |                                             [01;35m[K~~~~~~~~~~~~~~^~~~~[m[K
[4.775s] [01m[K/home/baehh/ros2_ws/install/ydlidar_sdk/include/core/common/DriverInterface.h:446:54:[m[K [01;35m[Kwarning: [m[Kunused parameter â€˜[01m[Ktimeout[m[Kâ€™ [[01;35m[K]8;;https://gcc.gnu.org/onlinedocs/gcc/Warning-Options.html#index-Wunused-parameter-Wunused-parameter]8;;[m[K]
[4.775s]   446 |                                             [01;35m[Kuint32_t timeout = DEFAULT_TIMEOUT[m[K)
[4.775s]       |                                             [01;35m[K~~~~~~~~~^~~~~~~~~~~~~~~~~~~~~~~~~[m[K
[4.775s] [01m[K/home/baehh/ros2_ws/install/ydlidar_sdk/include/core/common/DriverInterface.h:[m[K In member function â€˜[01m[Kvirtual result_t ydlidar::core::common::DriverInterface::setScanHeartbeat(scan_heart_beat&, uint32_t)[m[Kâ€™:
[4.775s] [01m[K/home/baehh/ros2_ws/install/ydlidar_sdk/include/core/common/DriverInterface.h:461:60:[m[K [01;35m[Kwarning: [m[Kunused parameter â€˜[01m[Kbeat[m[Kâ€™ [[01;35m[K]8;;https://gcc.gnu.org/onlinedocs/gcc/Warning-Options.html#index-Wunused-parameter-Wunused-parameter]8;;[m[K]
[4.775s]   461 |         virtual result_t setScanHeartbeat([01;35m[Kscan_heart_beat &beat[m[K,
[4.775s]       |                                           [01;35m[K~~~~~~~~~~~~~~~~~^~~~[m[K
[4.775s] [01m[K/home/baehh/ros2_ws/install/ydlidar_sdk/include/core/common/DriverInterface.h:462:52:[m[K [01;35m[Kwarning: [m[Kunused parameter â€˜[01m[Ktimeout[m[Kâ€™ [[01;35m[K]8;;https://gcc.gnu.org/onlinedocs/gcc/Warning-Options.html#index-Wunused-parameter-Wunused-parameter]8;;[m[K]
[4.775s]   462 |                                           [01;35m[Kuint32_t timeout = DEFAULT_TIMEOUT[m[K)
[4.775s]       |                                           [01;35m[K~~~~~~~~~^~~~~~~~~~~~~~~~~~~~~~~~~[m[K
[4.775s] [01m[K/home/baehh/ros2_ws/install/ydlidar_sdk/include/core/common/DriverInterface.h:[m[K In member function â€˜[01m[Kvirtual result_t ydlidar::core::common::DriverInterface::setWorkMode(int, uint8_t)[m[Kâ€™:
[4.775s] [01m[K/home/baehh/ros2_ws/install/ydlidar_sdk/include/core/common/DriverInterface.h:493:42:[m[K [01;35m[Kwarning: [m[Kunused parameter â€˜[01m[Kmode[m[Kâ€™ [[01;35m[K]8;;https://gcc.gnu.org/onlinedocs/gcc/Warning-Options.html#index-Wunused-parameter-Wunused-parameter]8;;[m[K]
[4.775s]   493 |         virtual result_t setWorkMode([01;35m[Kint mode = 0[m[K, uint8_t addr = 0x00) {
[4.776s]       |                                      [01;35m[K~~~~^~~~~~~~[m[K
[4.776s] [01m[K/home/baehh/ros2_ws/install/ydlidar_sdk/include/core/common/DriverInterface.h:493:60:[m[K [01;35m[Kwarning: [m[Kunused parameter â€˜[01m[Kaddr[m[Kâ€™ [[01;35m[K]8;;https://gcc.gnu.org/onlinedocs/gcc/Warning-Options.html#index-Wunused-parameter-Wunused-parameter]8;;[m[K]
[4.776s]   493 |         virtual result_t setWorkMode(int mode = 0, [01;35m[Kuint8_t addr = 0x00[m[K) {
[4.776s]       |                                                    [01;35m[K~~~~~~~~^~~~~~~~~~~[m[K
[6.653s] [01m[K/home/baehh/ros2_ws/src/ydlidar_ros2_driver/src/ydlidar_ros2_driver_node.cpp:[m[K In function â€˜[01m[Kint main(int, char**)[m[Kâ€™:
[6.654s] [01m[K/home/baehh/ros2_ws/src/ydlidar_ros2_driver/src/ydlidar_ros2_driver_node.cpp:171:28:[m[K [01;31m[Kerror: [m[Kno matching function for call to â€˜[01m[Krclcpp::Node::declare_parameter(const char [8])[m[Kâ€™
[6.654s]   171 |     [01;31m[Knode->declare_parameter("m1_mode")[m[K;
[6.654s]       |     [01;31m[K~~~~~~~~~~~~~~~~~~~~~~~^~~~~~~~~~~[m[K
[6.654s] In file included from [01m[K/opt/ros/humble/include/rclcpp/rclcpp/node.hpp:1321[m[K,
[6.654s]                  from [01m[K/opt/ros/humble/include/rclcpp/rclcpp/executors/single_threaded_executor.hpp:28[m[K,
[6.654s]                  from [01m[K/opt/ros/humble/include/rclcpp/rclcpp/executors.hpp:22[m[K,
[6.654s]                  from [01m[K/opt/ros/humble/include/rclcpp/rclcpp/rclcpp.hpp:155[m[K,
[6.654s]                  from [01m[K/home/baehh/ros2_ws/src/ydlidar_ros2_driver/src/ydlidar_ros2_driver_node.cpp:23[m[K:
[6.654s] [01m[K/opt/ros/humble/include/rclcpp/rclcpp/node_impl.hpp:195:1:[m[K [01;36m[Knote: [m[Kcandidate: â€˜[01m[Ktemplate<class ParameterT> auto rclcpp::Node::declare_parameter(const string&, const ParameterT&, const ParameterDescriptor&, bool)[m[Kâ€™
[6.655s]   195 | [01;36m[KNode[m[K::declare_parameter(
[6.655s]       | [01;36m[K^~~~[m[K
[6.655s] [01m[K/opt/ros/humble/include/rclcpp/rclcpp/node_impl.hpp:195:1:[m[K [01;36m[Knote: [m[K  template argument deduction/substitution failed:
[6.655s] [01m[K/home/baehh/ros2_ws/src/ydlidar_ros2_driver/src/ydlidar_ros2_driver_node.cpp:171:28:[m[K [01;36m[Knote: [m[K  candidate expects 4 arguments, 1 provided
[6.655s]   171 |     [01;36m[Knode->declare_parameter("m1_mode")[m[K;
[6.655s]       |     [01;36m[K~~~~~~~~~~~~~~~~~~~~~~~^~~~~~~~~~~[m[K
[6.655s] In file included from [01m[K/opt/ros/humble/include/rclcpp/rclcpp/executors/single_threaded_executor.hpp:28[m[K,
[6.655s]                  from [01m[K/opt/ros/humble/include/rclcpp/rclcpp/executors.hpp:22[m[K,
[6.655s]                  from [01m[K/opt/ros/humble/include/rclcpp/rclcpp/rclcpp.hpp:155[m[K,
[6.656s]                  from [01m[K/home/baehh/ros2_ws/src/ydlidar_ros2_driver/src/ydlidar_ros2_driver_node.cpp:23[m[K:
[6.656s] [01m[K/opt/ros/humble/include/rclcpp/rclcpp/node.hpp:434:3:[m[K [01;36m[Knote: [m[Kcandidate: â€˜[01m[Ktemplate<class ParameterT> auto rclcpp::Node::declare_parameter(const string&, const ParameterDescriptor&, bool)[m[Kâ€™
[6.656s]   434 |   [01;36m[Kdeclare_parameter[m[K(
[6.656s]       |   [01;36m[K^~~~~~~~~~~~~~~~~[m[K
[6.656s] [01m[K/opt/ros/humble/include/rclcpp/rclcpp/node.hpp:434:3:[m[K [01;36m[Knote: [m[K  template argument deduction/substitution failed:
[6.656s] [01m[K/home/baehh/ros2_ws/src/ydlidar_ros2_driver/src/ydlidar_ros2_driver_node.cpp:171:28:[m[K [01;36m[Knote: [m[K  couldnâ€™t deduce template parameter â€˜[01m[KParameterT[m[Kâ€™
[6.656s]   171 |     [01;36m[Knode->declare_parameter("m1_mode")[m[K;
[6.657s]       |     [01;36m[K~~~~~~~~~~~~~~~~~~~~~~~^~~~~~~~~~~[m[K
[6.657s] In file included from [01m[K/opt/ros/humble/include/rclcpp/rclcpp/executors/single_threaded_executor.hpp:28[m[K,
[6.657s]                  from [01m[K/opt/ros/humble/include/rclcpp/rclcpp/executors.hpp:22[m[K,
[6.657s]                  from [01m[K/opt/ros/humble/include/rclcpp/rclcpp/rclcpp.hpp:155[m[K,
[6.657s]                  from [01m[K/home/baehh/ros2_ws/src/ydlidar_ros2_driver/src/ydlidar_ros2_driver_node.cpp:23[m[K:
[6.657s] [01m[K/opt/ros/humble/include/rclcpp/rclcpp/node.hpp:366:3:[m[K [01;36m[Knote: [m[Kcandidate: â€˜[01m[Kconst rclcpp::ParameterValue& rclcpp::Node::declare_parameter(const string&, const rclcpp::ParameterValue&, const ParameterDescriptor&, bool)[m[Kâ€™
[6.657s]   366 |   [01;36m[Kdeclare_parameter[m[K(
[6.657s]       |   [01;36m[K^~~~~~~~~~~~~~~~~[m[K
[6.658s] [01m[K/opt/ros/humble/include/rclcpp/rclcpp/node.hpp:366:3:[m[K [01;36m[Knote: [m[K  candidate expects 4 arguments, 1 provided
[6.658s] [01m[K/opt/ros/humble/include/rclcpp/rclcpp/node.hpp:391:3:[m[K [01;36m[Knote: [m[Kcandidate: â€˜[01m[Kconst rclcpp::ParameterValue& rclcpp::Node::declare_parameter(const string&, rclcpp::ParameterType, const ParameterDescriptor&, bool)[m[Kâ€™
[6.658s]   391 |   [01;36m[Kdeclare_parameter[m[K(
[6.658s]       |   [01;36m[K^~~~~~~~~~~~~~~~~[m[K
[6.658s] [01m[K/opt/ros/humble/include/rclcpp/rclcpp/node.hpp:391:3:[m[K [01;36m[Knote: [m[K  candidate expects 4 arguments, 1 provided
[6.658s] [01m[K/home/baehh/ros2_ws/src/ydlidar_ros2_driver/src/ydlidar_ros2_driver_node.cpp:175:28:[m[K [01;31m[Kerror: [m[Kno matching function for call to â€˜[01m[Krclcpp::Node::declare_parameter(const char [8])[m[Kâ€™
[6.658s]   175 |     [01;31m[Knode->declare_parameter("m2_mode")[m[K;
[6.659s]       |     [01;31m[K~~~~~~~~~~~~~~~~~~~~~~~^~~~~~~~~~~[m[K
[6.659s] In file included from [01m[K/opt/ros/humble/include/rclcpp/rclcpp/node.hpp:1321[m[K,
[6.659s]                  from [01m[K/opt/ros/humble/include/rclcpp/rclcpp/executors/single_threaded_executor.hpp:28[m[K,
[6.659s]                  from [01m[K/opt/ros/humble/include/rclcpp/rclcpp/executors.hpp:22[m[K,
[6.659s]                  from [01m[K/opt/ros/humble/include/rclcpp/rclcpp/rclcpp.hpp:155[m[K,
[6.659s]                  from [01m[K/home/baehh/ros2_ws/src/ydlidar_ros2_driver/src/ydlidar_ros2_driver_node.cpp:23[m[K:
[6.659s] [01m[K/opt/ros/humble/include/rclcpp/rclcpp/node_impl.hpp:195:1:[m[K [01;36m[Knote: [m[Kcandidate: â€˜[01m[Ktemplate<class ParameterT> auto rclcpp::Node::declare_parameter(const string&, const ParameterT&, const ParameterDescriptor&, bool)[m[Kâ€™
[6.659s]   195 | [01;36m[KNode[m[K::declare_parameter(
[6.660s]       | [01;36m[K^~~~[m[K
[6.660s] [01m[K/opt/ros/humble/include/rclcpp/rclcpp/node_impl.hpp:195:1:[m[K [01;36m[Knote: [m[K  template argument deduction/substitution failed:
[6.660s] [01m[K/home/baehh/ros2_ws/src/ydlidar_ros2_driver/src/ydlidar_ros2_driver_node.cpp:175:28:[m[K [01;36m[Knote: [m[K  candidate expects 4 arguments, 1 provided
[6.660s]   175 |     [01;36m[Knode->declare_parameter("m2_mode")[m[K;
[6.660s]       |     [01;36m[K~~~~~~~~~~~~~~~~~~~~~~~^~~~~~~~~~~[m[K
[6.660s] In file included from [01m[K/opt/ros/humble/include/rclcpp/rclcpp/executors/single_threaded_executor.hpp:28[m[K,
[6.660s]                  from [01m[K/opt/ros/humble/include/rclcpp/rclcpp/executors.hpp:22[m[K,
[6.660s]                  from [01m[K/opt/ros/humble/include/rclcpp/rclcpp/rclcpp.hpp:155[m[K,
[6.660s]                  from [01m[K/home/baehh/ros2_ws/src/ydlidar_ros2_driver/src/ydlidar_ros2_driver_node.cpp:23[m[K:
[6.660s] [01m[K/opt/ros/humble/include/rclcpp/rclcpp/node.hpp:434:3:[m[K [01;36m[Knote: [m[Kcandidate: â€˜[01m[Ktemplate<class ParameterT> auto rclcpp::Node::declare_parameter(const string&, const ParameterDescriptor&, bool)[m[Kâ€™
[6.660s]   434 |   [01;36m[Kdeclare_parameter[m[K(
[6.660s]       |   [01;36m[K^~~~~~~~~~~~~~~~~[m[K
[6.661s] [01m[K/opt/ros/humble/include/rclcpp/rclcpp/node.hpp:434:3:[m[K [01;36m[Knote: [m[K  template argument deduction/substitution failed:
[6.661s] [01m[K/home/baehh/ros2_ws/src/ydlidar_ros2_driver/src/ydlidar_ros2_driver_node.cpp:175:28:[m[K [01;36m[Knote: [m[K  couldnâ€™t deduce template parameter â€˜[01m[KParameterT[m[Kâ€™
[6.661s]   175 |     [01;36m[Knode->declare_parameter("m2_mode")[m[K;
[6.661s]       |     [01;36m[K~~~~~~~~~~~~~~~~~~~~~~~^~~~~~~~~~~[m[K
[6.661s] In file included from [01m[K/opt/ros/humble/include/rclcpp/rclcpp/executors/single_threaded_executor.hpp:28[m[K,
[6.661s]                  from [01m[K/opt/ros/humble/include/rclcpp/rclcpp/executors.hpp:22[m[K,
[6.661s]                  from [01m[K/opt/ros/humble/include/rclcpp/rclcpp/rclcpp.hpp:155[m[K,
[6.661s]                  from [01m[K/home/baehh/ros2_ws/src/ydlidar_ros2_driver/src/ydlidar_ros2_driver_node.cpp:23[m[K:
[6.661s] [01m[K/opt/ros/humble/include/rclcpp/rclcpp/node.hpp:366:3:[m[K [01;36m[Knote: [m[Kcandidate: â€˜[01m[Kconst rclcpp::ParameterValue& rclcpp::Node::declare_parameter(const string&, const rclcpp::ParameterValue&, const ParameterDescriptor&, bool)[m[Kâ€™
[6.661s]   366 |   [01;36m[Kdeclare_parameter[m[K(
[6.661s]       |   [01;36m[K^~~~~~~~~~~~~~~~~[m[K
[6.661s] [01m[K/opt/ros/humble/include/rclcpp/rclcpp/node.hpp:366:3:[m[K [01;36m[Knote: [m[K  candidate expects 4 arguments, 1 provided
[6.661s] [01m[K/opt/ros/humble/include/rclcpp/rclcpp/node.hpp:391:3:[m[K [01;36m[Knote: [m[Kcandidate: â€˜[01m[Kconst rclcpp::ParameterValue& rclcpp::Node::declare_parameter(const string&, rclcpp::ParameterType, const ParameterDescriptor&, bool)[m[Kâ€™
[6.661s]   391 |   [01;36m[Kdeclare_parameter[m[K(
[6.661s]       |   [01;36m[K^~~~~~~~~~~~~~~~~[m[K
[6.661s] [01m[K/opt/ros/humble/include/rclcpp/rclcpp/node.hpp:391:3:[m[K [01;36m[Knote: [m[K  candidate expects 4 arguments, 1 provided
[6.661s] [01m[K/home/baehh/ros2_ws/src/ydlidar_ros2_driver/src/ydlidar_ros2_driver_node.cpp:179:28:[m[K [01;31m[Kerror: [m[Kno matching function for call to â€˜[01m[Krclcpp::Node::declare_parameter(const char [8])[m[Kâ€™
[6.661s]   179 |     [01;31m[Knode->declare_parameter("m3_mode")[m[K;
[6.661s]       |     [01;31m[K~~~~~~~~~~~~~~~~~~~~~~~^~~~~~~~~~~[m[K
[6.661s] In file included from [01m[K/opt/ros/humble/include/rclcpp/rclcpp/node.hpp:1321[m[K,
[6.661s]                  from [01m[K/opt/ros/humble/include/rclcpp/rclcpp/executors/single_threaded_executor.hpp:28[m[K,
[6.661s]                  from [01m[K/opt/ros/humble/include/rclcpp/rclcpp/executors.hpp:22[m[K,
[6.661s]                  from [01m[K/opt/ros/humble/include/rclcpp/rclcpp/rclcpp.hpp:155[m[K,
[6.661s]                  from [01m[K/home/baehh/ros2_ws/src/ydlidar_ros2_driver/src/ydlidar_ros2_driver_node.cpp:23[m[K:
[6.661s] [01m[K/opt/ros/humble/include/rclcpp/rclcpp/node_impl.hpp:195:1:[m[K [01;36m[Knote: [m[Kcandidate: â€˜[01m[Ktemplate<class ParameterT> auto rclcpp::Node::declare_parameter(const string&, const ParameterT&, const ParameterDescriptor&, bool)[m[Kâ€™
[6.661s]   195 | [01;36m[KNode[m[K::declare_parameter(
[6.661s]       | [01;36m[K^~~~[m[K
[6.661s] [01m[K/opt/ros/humble/include/rclcpp/rclcpp/node_impl.hpp:195:1:[m[K [01;36m[Knote: [m[K  template argument deduction/substitution failed:
[6.661s] [01m[K/home/baehh/ros2_ws/src/ydlidar_ros2_driver/src/ydlidar_ros2_driver_node.cpp:179:28:[m[K [01;36m[Knote: [m[K  candidate expects 4 arguments, 1 provided
[6.661s]   179 |     [01;36m[Knode->declare_parameter("m3_mode")[m[K;
[6.661s]       |     [01;36m[K~~~~~~~~~~~~~~~~~~~~~~~^~~~~~~~~~~[m[K
[6.662s] In file included from [01m[K/opt/ros/humble/include/rclcpp/rclcpp/executors/single_threaded_executor.hpp:28[m[K,
[6.662s]                  from [01m[K/opt/ros/humble/include/rclcpp/rclcpp/executors.hpp:22[m[K,
[6.662s]                  from [01m[K/opt/ros/humble/include/rclcpp/rclcpp/rclcpp.hpp:155[m[K,
[6.662s]                  from [01m[K/home/baehh/ros2_ws/src/ydlidar_ros2_driver/src/ydlidar_ros2_driver_node.cpp:23[m[K:
[6.662s] [01m[K/opt/ros/humble/include/rclcpp/rclcpp/node.hpp:434:3:[m[K [01;36m[Knote: [m[Kcandidate: â€˜[01m[Ktemplate<class ParameterT> auto rclcpp::Node::declare_parameter(const string&, const ParameterDescriptor&, bool)[m[Kâ€™
[6.662s]   434 |   [01;36m[Kdeclare_parameter[m[K(
[6.662s]       |   [01;36m[K^~~~~~~~~~~~~~~~~[m[K
[6.662s] [01m[K/opt/ros/humble/include/rclcpp/rclcpp/node.hpp:434:3:[m[K [01;36m[Knote: [m[K  template argument deduction/substitution failed:
[6.662s] [01m[K/home/baehh/ros2_ws/src/ydlidar_ros2_driver/src/ydlidar_ros2_driver_node.cpp:179:28:[m[K [01;36m[Knote: [m[K  couldnâ€™t deduce template parameter â€˜[01m[KParameterT[m[Kâ€™
[6.662s]   179 |     [01;36m[Knode->declare_parameter("m3_mode")[m[K;
[6.662s]       |     [01;36m[K~~~~~~~~~~~~~~~~~~~~~~~^~~~~~~~~~~[m[K
[6.662s] In file included from [01m[K/opt/ros/humble/include/rclcpp/rclcpp/executors/single_threaded_executor.hpp:28[m[K,
[6.662s]                  from [01m[K/opt/ros/humble/include/rclcpp/rclcpp/executors.hpp:22[m[K,
[6.662s]                  from [01m[K/opt/ros/humble/include/rclcpp/rclcpp/rclcpp.hpp:155[m[K,
[6.662s]                  from [01m[K/home/baehh/ros2_ws/src/ydlidar_ros2_driver/src/ydlidar_ros2_driver_node.cpp:23[m[K:
[6.662s] [01m[K/opt/ros/humble/include/rclcpp/rclcpp/node.hpp:366:3:[m[K [01;36m[Knote: [m[Kcandidate: â€˜[01m[Kconst rclcpp::ParameterValue& rclcpp::Node::declare_parameter(const string&, const rclcpp::ParameterValue&, const ParameterDescriptor&, bool)[m[Kâ€™
[6.662s]   366 |   [01;36m[Kdeclare_parameter[m[K(
[6.662s]       |   [01;36m[K^~~~~~~~~~~~~~~~~[m[K
[6.662s] [01m[K/opt/ros/humble/include/rclcpp/rclcpp/node.hpp:366:3:[m[K [01;36m[Knote: [m[K  candidate expects 4 arguments, 1 provided
[6.662s] [01m[K/opt/ros/humble/include/rclcpp/rclcpp/node.hpp:391:3:[m[K [01;36m[Knote: [m[Kcandidate: â€˜[01m[Kconst rclcpp::ParameterValue& rclcpp::Node::declare_parameter(const string&, rclcpp::ParameterType, const ParameterDescriptor&, bool)[m[Kâ€™
[6.662s]   391 |   [01;36m[Kdeclare_parameter[m[K(
[6.662s]       |   [01;36m[K^~~~~~~~~~~~~~~~~[m[K
[6.662s] [01m[K/opt/ros/humble/include/rclcpp/rclcpp/node.hpp:391:3:[m[K [01;36m[Knote: [m[K  candidate expects 4 arguments, 1 provided
[7.642s] gmake[2]: *** [CMakeFiles/ydlidar_ros2_driver_node.dir/build.make:76: CMakeFiles/ydlidar_ros2_driver_node.dir/src/ydlidar_ros2_driver_node.cpp.o] Error 1
[7.642s] gmake[1]: *** [CMakeFiles/Makefile2:139: CMakeFiles/ydlidar_ros2_driver_node.dir/all] Error 2
[7.642s] gmake[1]: *** Waiting for unfinished jobs....
[11.327s] [ 75%] [32m[1mLinking CXX executable ydlidar_ros2_driver_client[0m
[11.693s] [ 75%] Built target ydlidar_ros2_driver_client
[11.695s] gmake: *** [Makefile:146: all] Error 2
[11.697s] Invoked command in '/home/baehh/ros2_ws/build/ydlidar_ros2_driver' returned '2': CMAKE_PREFIX_PATH=${CMAKE_PREFIX_PATH}:/home/baehh/ros2_ws/install/py_pubsub:/opt/ros/humble /usr/bin/cmake --build /home/baehh/ros2_ws/build/ydlidar_ros2_driver -- -j8 -l8
